#
# A fatal error has been detected by the Java Runtime Environment:
#
#  EXCEPTION_ACCESS_VIOLATION (0xc0000005) at pc=0x00000000f3bf0960, pid=11788, tid=10544
#
# JRE version: OpenJDK Runtime Environment Temurin-11.0.12+7 (11.0.12+7) (build 11.0.12+7)
# Java VM: OpenJDK 64-Bit Server VM Temurin-11.0.12+7 (11.0.12+7, mixed mode, tiered, compressed oops, g1 gc, windows-amd64)
# Problematic frame:
# C  0x00000000f3bf0960
#
# No core dump will be written. Minidumps are not enabled by default on client versions of Windows
#
# If you would like to submit a bug report, please visit:
#   https://github.com/adoptium/adoptium-support/issues
#

---------------  S U M M A R Y ------------

Command Line: -Xms64m -Xmx512m -Dapp.name=ltex-ls -Dapp.repo=c:\Users\USER\.vscode\extensions\valentjn.vscode-ltex-13.1.0\lib\ltex-ls-15.2.0\lib -Dapp.home=c:\Users\USER\.vscode\extensions\valentjn.vscode-ltex-13.1.0\lib\ltex-ls-15.2.0 -Dbasedir=c:\Users\USER\.vscode\extensions\valentjn.vscode-ltex-13.1.0\lib\ltex-ls-15.2.0 org.bsplines.ltexls.LtexLanguageServerLauncher

Host: AMD Ryzen 5 3400G with Radeon Vega Graphics    , 8 cores, 13G,  Windows 10 , 64 bit Build 19041 (10.0.19041.3636)
Time: Mon Dec 18 13:52:40 2023 SE Asia Standard Time elapsed time: 1088.102230 seconds (0d 0h 18m 8s)

---------------  T H R E A D  ---------------

Current thread (0x00000191e1ef9000):  GCTaskThread "GC Thread#3" [stack: 0x00000034efa00000,0x00000034efb00000] [id=10544]

Stack: [0x00000034efa00000,0x00000034efb00000],  sp=0x00000034efaff6a0,  free space=1021k
Native frames: (J=compiled Java code, j=interpreted, Vv=VM code, C=native code)
C  0x00000000f3bf0960


siginfo: EXCEPTION_ACCESS_VIOLATION (0xc0000005), data execution prevention violation at address 0x00000000f3bf0960


Register to memory mapping:

RIP=
[error occurred during error reporting (printing register info), id 0xc0000005, EXCEPTION_ACCESS_VIOLATION (0xc0000005) at pc=0x00007ffef3bf20d6]

Registers:
RAX=0x00000000ec2a0778, RBX=0x00000000ec2620b0, RCX=0x00000191d95874c0, RDX=0x00000000ec2a0785
RSP=0x00000034efaff6a0, RBP=0x00000034efaff750, RSI=0x00000191c31ca300, RDI=0x00000191df9c9520
R8 =0x0000000000001890, R9 =0x00000191c5272580, R10=0x00000000ec2a0784, R11=0x00000191df9c9690
R12=0x00000191defd7620, R13=0x00000000000003d8, R14=0x00000191defd7610, R15=0x0000000000000000
RIP=0x00000000f3bf0960, EFLAGS=0x0000000000010202

Top of Stack: (sp=0x00000034efaff6a0)
0x00000034efaff6a0:   00007e850000405e 00000000ec2620a8
0x00000034efaff6b0:   000000000000007d 00000000ec2620b0
0x00000034efaff6c0:   00000191df9c9520 00000191defd7610
0x00000034efaff6d0:   0000000000000006 00007ffef3bf4f55
0x00000034efaff6e0:   00000000ec2620b1 00000191dd4545e0
0x00000034efaff6f0:   00000034ee6ff230 00000191de9c3310
0x00000034efaff700:   00000191c526cd60 00007ffef41f5cc0
0x00000034efaff710:   0000000000000000 00007ffef3f00100
0x00000034efaff720:   0000000000000000 0000000000000000
0x00000034efaff730:   0000000000000000 00007ffef40671ce
0x00000034efaff740:   00000191defd79f8 0000000000000000
0x00000034efaff750:   00007ffef419e458 0000000000000000
0x00000034efaff760:   0000000000000000 0000000000000000
0x00000034efaff770:   00000191c5265980 00000191df9c9520
0x00000034efaff780:   00000191c31ca300 00000034ee6ff268
0x00000034efaff790:   00000191e1ef9000 00000191de9c31d0 

Instructions: (pc=0x00000000f3bf0960)
0x00000000f3bf0860:   ?? ?? ?? ?? ?? ?? ?? ?? ?? ?? ?? ?? ?? ?? ?? ??
0x00000000f3bf0870:   ?? ?? ?? ?? ?? ?? ?? ?? ?? ?? ?? ?? ?? ?? ?? ??
0x00000000f3bf0880:   ?? ?? ?? ?? ?? ?? ?? ?? ?? ?? ?? ?? ?? ?? ?? ??
0x00000000f3bf0890:   ?? ?? ?? ?? ?? ?? ?? ?? ?? ?? ?? ?? ?? ?? ?? ??
0x00000000f3bf08a0:   ?? ?? ?? ?? ?? ?? ?? ?? ?? ?? ?? ?? ?? ?? ?? ??
0x00000000f3bf08b0:   ?? ?? ?? ?? ?? ?? ?? ?? ?? ?? ?? ?? ?? ?? ?? ??
0x00000000f3bf08c0:   ?? ?? ?? ?? ?? ?? ?? ?? ?? ?? ?? ?? ?? ?? ?? ??
0x00000000f3bf08d0:   ?? ?? ?? ?? ?? ?? ?? ?? ?? ?? ?? ?? ?? ?? ?? ??
0x00000000f3bf08e0:   ?? ?? ?? ?? ?? ?? ?? ?? ?? ?? ?? ?? ?? ?? ?? ??
0x00000000f3bf08f0:   ?? ?? ?? ?? ?? ?? ?? ?? ?? ?? ?? ?? ?? ?? ?? ??
0x00000000f3bf0900:   ?? ?? ?? ?? ?? ?? ?? ?? ?? ?? ?? ?? ?? ?? ?? ??
0x00000000f3bf0910:   ?? ?? ?? ?? ?? ?? ?? ?? ?? ?? ?? ?? ?? ?? ?? ??
0x00000000f3bf0920:   ?? ?? ?? ?? ?? ?? ?? ?? ?? ?? ?? ?? ?? ?? ?? ??
0x00000000f3bf0930:   ?? ?? ?? ?? ?? ?? ?? ?? ?? ?? ?? ?? ?? ?? ?? ??
0x00000000f3bf0940:   ?? ?? ?? ?? ?? ?? ?? ?? ?? ?? ?? ?? ?? ?? ?? ??
0x00000000f3bf0950:   ?? ?? ?? ?? ?? ?? ?? ?? ?? ?? ?? ?? ?? ?? ?? ??
0x00000000f3bf0960:   ?? ?? ?? ?? ?? ?? ?? ?? ?? ?? ?? ?? ?? ?? ?? ??
0x00000000f3bf0970:   ?? ?? ?? ?? ?? ?? ?? ?? ?? ?? ?? ?? ?? ?? ?? ??
0x00000000f3bf0980:   ?? ?? ?? ?? ?? ?? ?? ?? ?? ?? ?? ?? ?? ?? ?? ??
0x00000000f3bf0990:   ?? ?? ?? ?? ?? ?? ?? ?? ?? ?? ?? ?? ?? ?? ?? ??
0x00000000f3bf09a0:   ?? ?? ?? ?? ?? ?? ?? ?? ?? ?? ?? ?? ?? ?? ?? ??
0x00000000f3bf09b0:   ?? ?? ?? ?? ?? ?? ?? ?? ?? ?? ?? ?? ?? ?? ?? ??
0x00000000f3bf09c0:   ?? ?? ?? ?? ?? ?? ?? ?? ?? ?? ?? ?? ?? ?? ?? ??
0x00000000f3bf09d0:   ?? ?? ?? ?? ?? ?? ?? ?? ?? ?? ?? ?? ?? ?? ?? ??
0x00000000f3bf09e0:   ?? ?? ?? ?? ?? ?? ?? ?? ?? ?? ?? ?? ?? ?? ?? ??
0x00000000f3bf09f0:   ?? ?? ?? ?? ?? ?? ?? ?? ?? ?? ?? ?? ?? ?? ?? ??
0x00000000f3bf0a00:   ?? ?? ?? ?? ?? ?? ?? ?? ?? ?? ?? ?? ?? ?? ?? ??
0x00000000f3bf0a10:   ?? ?? ?? ?? ?? ?? ?? ?? ?? ?? ?? ?? ?? ?? ?? ??
0x00000000f3bf0a20:   ?? ?? ?? ?? ?? ?? ?? ?? ?? ?? ?? ?? ?? ?? ?? ??
0x00000000f3bf0a30:   ?? ?? ?? ?? ?? ?? ?? ?? ?? ?? ?? ?? ?? ?? ?? ??
0x00000000f3bf0a40:   ?? ?? ?? ?? ?? ?? ?? ?? ?? ?? ?? ?? ?? ?? ?? ??
0x00000000f3bf0a50:   ?? ?? ?? ?? ?? ?? ?? ?? ?? ?? ?? ?? ?? ?? ?? ?? 


Stack slot to memory mapping:
stack at sp + 0 slots: 0x00007e850000405e is an unknown value
stack at sp + 1 slots: 0x00000000ec2620a8 is pointing into object: [Ljava.lang.Object; 
{0x00000000ec260078} - klass: 'java/lang/Object'[]
 - length: 2776
stack at sp + 2 slots: 0x000000000000007d is an unknown value
stack at sp + 3 slots: 0x00000000ec2620b0 is pointing into object: [Ljava.lang.Object; 
{0x00000000ec260078} - klass: 'java/lang/Object'[]
 - length: 2776
stack at sp + 4 slots: 0x00000191df9c9520 points into unknown readable memory: 0x00007ffef41a4258 | 58 42 1a f4 fe 7f 00 00
stack at sp + 5 slots: 0x00000191defd7610 points into unknown readable memory: 0x0000000000000000 | 00 00 00 00 00 00 00 00
stack at sp + 6 slots: 0x0000000000000006 is an unknown value
stack at sp + 7 slots: 0x00007ffef3bf4f55 jvm.dll


---------------  P R O C E S S  ---------------

Threads class SMR info:
_java_thread_list=0x00000191e2308050, length=13, elements={
0x00000191c5255800, 0x00000191dd45a800, 0x00000191dd494000, 0x00000191dd4a3800,
0x00000191dd4a4800, 0x00000191dd4a5800, 0x00000191dd4aa800, 0x00000191dd4b3000,
0x00000191dd4b8800, 0x00000191dde4c800, 0x00000191e2a2b000, 0x00000191de72e000,
0x00000191de74d800
}

Java Threads: ( => current thread )
  0x00000191c5255800 JavaThread "main" [_thread_blocked, id=1108, stack(0x00000034ee000000,0x00000034ee100000)]
  0x00000191dd45a800 JavaThread "Reference Handler" daemon [_thread_blocked, id=6984, stack(0x00000034ee700000,0x00000034ee800000)]
  0x00000191dd494000 JavaThread "Finalizer" daemon [_thread_blocked, id=1080, stack(0x00000034ee800000,0x00000034ee900000)]
  0x00000191dd4a3800 JavaThread "Signal Dispatcher" daemon [_thread_blocked, id=8708, stack(0x00000034ee900000,0x00000034eea00000)]
  0x00000191dd4a4800 JavaThread "Attach Listener" daemon [_thread_blocked, id=13688, stack(0x00000034eea00000,0x00000034eeb00000)]
  0x00000191dd4a5800 JavaThread "Service Thread" daemon [_thread_blocked, id=14548, stack(0x00000034eeb00000,0x00000034eec00000)]
  0x00000191dd4aa800 JavaThread "C2 CompilerThread0" daemon [_thread_blocked, id=10244, stack(0x00000034eec00000,0x00000034eed00000)]
  0x00000191dd4b3000 JavaThread "C1 CompilerThread0" daemon [_thread_blocked, id=7368, stack(0x00000034eed00000,0x00000034eee00000)]
  0x00000191dd4b8800 JavaThread "Sweeper thread" daemon [_thread_blocked, id=16736, stack(0x00000034eee00000,0x00000034eef00000)]
  0x00000191dde4c800 JavaThread "Common-Cleaner" daemon [_thread_blocked, id=10816, stack(0x00000034ef000000,0x00000034ef100000)]
  0x00000191e2a2b000 JavaThread "pool-2-thread-1" [_thread_blocked, id=2812, stack(0x00000034ef700000,0x00000034ef800000)]
  0x00000191de72e000 JavaThread "pool-1-thread-1" [_thread_blocked, id=8200, stack(0x00000034ef100000,0x00000034ef200000)]
  0x00000191de74d800 JavaThread "Thread-160" [_thread_blocked, id=6400, stack(0x00000034edd00000,0x00000034ede00000)]

Other Threads:
  0x00000191dd486000 VMThread "VM Thread" [stack: 0x00000034ee600000,0x00000034ee700000] [id=12284]
  0x00000191ddf79000 WatcherThread [stack: 0x00000034eef00000,0x00000034ef000000] [id=3848]
  0x00000191c526e800 GCTaskThread "GC Thread#0" [stack: 0x00000034ee100000,0x00000034ee200000] [id=3216]
  0x00000191deaf0800 GCTaskThread "GC Thread#1" [stack: 0x00000034ef200000,0x00000034ef300000] [id=7784]
  0x00000191e1cac800 GCTaskThread "GC Thread#2" [stack: 0x00000034ef900000,0x00000034efa00000] [id=5840]
=>0x00000191e1ef9000 GCTaskThread "GC Thread#3" [stack: 0x00000034efa00000,0x00000034efb00000] [id=10544]
  0x00000191df933800 GCTaskThread "GC Thread#4" [stack: 0x00000034efb00000,0x00000034efc00000] [id=9088]
  0x00000191df8c8800 GCTaskThread "GC Thread#5" [stack: 0x00000034efc00000,0x00000034efd00000] [id=8460]
  0x00000191e2f49800 GCTaskThread "GC Thread#6" [stack: 0x00000034f0000000,0x00000034f0100000] [id=10980]
  0x00000191e1a7c000 GCTaskThread "GC Thread#7" [stack: 0x00000034f0100000,0x00000034f0200000] [id=9720]
  0x00000191c5283000 ConcurrentGCThread "G1 Main Marker" [stack: 0x00000034ee200000,0x00000034ee300000] [id=9144]
  0x00000191c5285800 ConcurrentGCThread "G1 Conc#0" [stack: 0x00000034ee300000,0x00000034ee400000] [id=8596]
  0x00000191e24d1000 ConcurrentGCThread "G1 Conc#1" [stack: 0x00000034ef400000,0x00000034ef500000] [id=16916]
  0x00000191c52ef800 ConcurrentGCThread "G1 Refine#0" [stack: 0x00000034ee400000,0x00000034ee500000] [id=1100]
  0x00000191e0f55800 ConcurrentGCThread "G1 Refine#1" [stack: 0x00000034ef500000,0x00000034ef600000] [id=9092]
  0x00000191df6dc000 ConcurrentGCThread "G1 Refine#2" [stack: 0x00000034ef600000,0x00000034ef700000] [id=4496]
  0x00000191e211c000 ConcurrentGCThread "G1 Refine#3" [stack: 0x00000034ef300000,0x00000034ef400000] [id=14652]
  0x00000191df8e7000 ConcurrentGCThread "G1 Refine#4" [stack: 0x00000034ef800000,0x00000034ef900000] [id=13332]
  0x00000191e0d4a000 ConcurrentGCThread "G1 Refine#5" [stack: 0x00000034efd00000,0x00000034efe00000] [id=16244]
  0x00000191e044b000 ConcurrentGCThread "G1 Refine#6" [stack: 0x00000034efe00000,0x00000034eff00000] [id=11660]
  0x00000191e0f3c000 ConcurrentGCThread "G1 Refine#7" [stack: 0x00000034eff00000,0x00000034f0000000] [id=15764]
  0x00000191c52f0800 ConcurrentGCThread "G1 Young RemSet Sampling" [stack: 0x00000034ee500000,0x00000034ee600000] [id=12424]

Threads with active compile tasks:

VM state:at safepoint (normal execution)

VM Mutex/Monitor currently owned by a thread:  ([mutex/lock_event])
[0x00000191c5255380] Threads_lock - owner thread: 0x00000191dd486000
[0x00000191c5254060] Heap_lock - owner thread: 0x00000191e2a2b000

Heap address: 0x00000000e0000000, size: 512 MB, Compressed Oops mode: 32-bit
Narrow klass base: 0x0000000000000000, Narrow klass shift: 3
Compressed class space size: 1073741824 Address: 0x0000000100000000

Heap:
 garbage-first heap   total 248832K, used 220077K [0x00000000e0000000, 0x0000000100000000)
  region size 1024K, 21 young (21504K), 2 survivors (2048K)
 Metaspace       used 32864K, capacity 33484K, committed 33792K, reserved 1079296K
  class space    used 3291K, capacity 3513K, committed 3584K, reserved 1048576K
Heap Regions: E=young(eden), S=young(survivor), O=old, HS=humongous(starts), HC=humongous(continues), CS=collection set, F=free, A=archive, TAMS=top-at-mark-start (previous, next)
|   0|0x00000000e0000000, 0x00000000e0100000, 0x00000000e0100000|100%| O|  |TAMS 0x00000000e0100000, 0x00000000e0000000| Untracked 
|   1|0x00000000e0100000, 0x00000000e0200000, 0x00000000e0200000|100%| O|  |TAMS 0x00000000e0200000, 0x00000000e0100000| Untracked 
|   2|0x00000000e0200000, 0x00000000e0300000, 0x00000000e0300000|100%| O|  |TAMS 0x00000000e0300000, 0x00000000e0200000| Untracked 
|   3|0x00000000e0300000, 0x00000000e0400000, 0x00000000e0400000|100%| O|  |TAMS 0x00000000e0400000, 0x00000000e0300000| Untracked 
|   4|0x00000000e0400000, 0x00000000e0500000, 0x00000000e0500000|100%| O|  |TAMS 0x00000000e0500000, 0x00000000e0400000| Untracked 
|   5|0x00000000e0500000, 0x00000000e0600000, 0x00000000e0600000|100%| O|  |TAMS 0x00000000e0600000, 0x00000000e0500000| Untracked 
|   6|0x00000000e0600000, 0x00000000e0700000, 0x00000000e0700000|100%| O|  |TAMS 0x00000000e0700000, 0x00000000e0600000| Untracked 
|   7|0x00000000e0700000, 0x00000000e0800000, 0x00000000e0800000|100%| O|  |TAMS 0x00000000e0800000, 0x00000000e0700000| Untracked 
|   8|0x00000000e0800000, 0x00000000e0900000, 0x00000000e0900000|100%| O|  |TAMS 0x00000000e0900000, 0x00000000e0800000| Untracked 
|   9|0x00000000e0900000, 0x00000000e0a00000, 0x00000000e0a00000|100%| O|  |TAMS 0x00000000e0a00000, 0x00000000e0900000| Untracked 
|  10|0x00000000e0a00000, 0x00000000e0b00000, 0x00000000e0b00000|100%| O|  |TAMS 0x00000000e0b00000, 0x00000000e0a00000| Untracked 
|  11|0x00000000e0b00000, 0x00000000e0c00000, 0x00000000e0c00000|100%| O|  |TAMS 0x00000000e0c00000, 0x00000000e0b00000| Untracked 
|  12|0x00000000e0c00000, 0x00000000e0d00000, 0x00000000e0d00000|100%| O|  |TAMS 0x00000000e0d00000, 0x00000000e0c00000| Untracked 
|  13|0x00000000e0d00000, 0x00000000e0e00000, 0x00000000e0e00000|100%| O|  |TAMS 0x00000000e0e00000, 0x00000000e0d00000| Untracked 
|  14|0x00000000e0e00000, 0x00000000e0f00000, 0x00000000e0f00000|100%| O|  |TAMS 0x00000000e0f00000, 0x00000000e0e00000| Untracked 
|  15|0x00000000e0f00000, 0x00000000e1000000, 0x00000000e1000000|100%| O|  |TAMS 0x00000000e0f00000, 0x00000000e0f00000| Untracked 
|  16|0x00000000e1000000, 0x00000000e1100000, 0x00000000e1100000|100%| O|  |TAMS 0x00000000e1100000, 0x00000000e1000000| Untracked 
|  17|0x00000000e1100000, 0x00000000e1200000, 0x00000000e1200000|100%| O|  |TAMS 0x00000000e1200000, 0x00000000e1100000| Untracked 
|  18|0x00000000e1200000, 0x00000000e1300000, 0x00000000e1300000|100%|HS|  |TAMS 0x00000000e1200000, 0x00000000e1200000| Complete 
|  19|0x00000000e1300000, 0x00000000e1400000, 0x00000000e1400000|100%| O|  |TAMS 0x00000000e1400000, 0x00000000e1300000| Untracked 
|  20|0x00000000e1400000, 0x00000000e1500000, 0x00000000e1500000|100%| O|  |TAMS 0x00000000e1500000, 0x00000000e1400000| Untracked 
|  21|0x00000000e1500000, 0x00000000e1600000, 0x00000000e1600000|100%| O|  |TAMS 0x00000000e1600000, 0x00000000e1500000| Untracked 
|  22|0x00000000e1600000, 0x00000000e1700000, 0x00000000e1700000|100%|HS|  |TAMS 0x00000000e1700000, 0x00000000e1600000| Complete 
|  23|0x00000000e1700000, 0x00000000e1800000, 0x00000000e1800000|100%| O|  |TAMS 0x00000000e1800000, 0x00000000e1700000| Untracked 
|  24|0x00000000e1800000, 0x00000000e1900000, 0x00000000e1900000|100%| O|  |TAMS 0x00000000e1900000, 0x00000000e1800000| Untracked 
|  25|0x00000000e1900000, 0x00000000e1a00000, 0x00000000e1a00000|100%| O|  |TAMS 0x00000000e1a00000, 0x00000000e1900000| Untracked 
|  26|0x00000000e1a00000, 0x00000000e1b00000, 0x00000000e1b00000|100%| O|  |TAMS 0x00000000e1b00000, 0x00000000e1a00000| Untracked 
|  27|0x00000000e1b00000, 0x00000000e1c00000, 0x00000000e1c00000|100%| O|  |TAMS 0x00000000e1c00000, 0x00000000e1b00000| Untracked 
|  28|0x00000000e1c00000, 0x00000000e1d00000, 0x00000000e1d00000|100%| O|  |TAMS 0x00000000e1d00000, 0x00000000e1c00000| Untracked 
|  29|0x00000000e1d00000, 0x00000000e1e00000, 0x00000000e1e00000|100%| O|  |TAMS 0x00000000e1e00000, 0x00000000e1d00000| Untracked 
|  30|0x00000000e1e00000, 0x00000000e1f00000, 0x00000000e1f00000|100%| O|  |TAMS 0x00000000e1f00000, 0x00000000e1e00000| Untracked 
|  31|0x00000000e1f00000, 0x00000000e2000000, 0x00000000e2000000|100%| O|  |TAMS 0x00000000e2000000, 0x00000000e1f00000| Untracked 
|  32|0x00000000e2000000, 0x00000000e2100000, 0x00000000e2100000|100%| O|  |TAMS 0x00000000e2100000, 0x00000000e2000000| Untracked 
|  33|0x00000000e2100000, 0x00000000e2200000, 0x00000000e2200000|100%| O|  |TAMS 0x00000000e2200000, 0x00000000e2100000| Untracked 
|  34|0x00000000e2200000, 0x00000000e2300000, 0x00000000e2300000|100%| O|  |TAMS 0x00000000e2300000, 0x00000000e2200000| Untracked 
|  35|0x00000000e2300000, 0x00000000e2400000, 0x00000000e2400000|100%| O|  |TAMS 0x00000000e2400000, 0x00000000e2300000| Untracked 
|  36|0x00000000e2400000, 0x00000000e2500000, 0x00000000e2500000|100%| O|  |TAMS 0x00000000e2500000, 0x00000000e2400000| Untracked 
|  37|0x00000000e2500000, 0x00000000e2600000, 0x00000000e2600000|100%| O|  |TAMS 0x00000000e2600000, 0x00000000e2500000| Untracked 
|  38|0x00000000e2600000, 0x00000000e2700000, 0x00000000e2700000|100%| O|  |TAMS 0x00000000e2700000, 0x00000000e2600000| Untracked 
|  39|0x00000000e2700000, 0x00000000e2800000, 0x00000000e2800000|100%|HS|  |TAMS 0x00000000e2700000, 0x00000000e2700000| Complete 
|  40|0x00000000e2800000, 0x00000000e2900000, 0x00000000e2900000|100%| O|  |TAMS 0x00000000e2900000, 0x00000000e2800000| Untracked 
|  41|0x00000000e2900000, 0x00000000e2a00000, 0x00000000e2a00000|100%| O|  |TAMS 0x00000000e2a00000, 0x00000000e2900000| Untracked 
|  42|0x00000000e2a00000, 0x00000000e2b00000, 0x00000000e2b00000|100%| O|  |TAMS 0x00000000e2b00000, 0x00000000e2a00000| Untracked 
|  43|0x00000000e2b00000, 0x00000000e2c00000, 0x00000000e2c00000|100%| O|  |TAMS 0x00000000e2c00000, 0x00000000e2b00000| Untracked 
|  44|0x00000000e2c00000, 0x00000000e2d00000, 0x00000000e2d00000|100%| O|  |TAMS 0x00000000e2d00000, 0x00000000e2c00000| Untracked 
|  45|0x00000000e2d00000, 0x00000000e2e00000, 0x00000000e2e00000|100%| O|  |TAMS 0x00000000e2e00000, 0x00000000e2d00000| Untracked 
|  46|0x00000000e2e00000, 0x00000000e2f00000, 0x00000000e2f00000|100%| O|  |TAMS 0x00000000e2f00000, 0x00000000e2e00000| Untracked 
|  47|0x00000000e2f00000, 0x00000000e3000000, 0x00000000e3000000|100%| O|  |TAMS 0x00000000e3000000, 0x00000000e2f00000| Untracked 
|  48|0x00000000e3000000, 0x00000000e3100000, 0x00000000e3100000|100%| O|  |TAMS 0x00000000e3100000, 0x00000000e3000000| Untracked 
|  49|0x00000000e3100000, 0x00000000e3200000, 0x00000000e3200000|100%| O|  |TAMS 0x00000000e3200000, 0x00000000e3100000| Untracked 
|  50|0x00000000e3200000, 0x00000000e3300000, 0x00000000e3300000|100%| O|  |TAMS 0x00000000e3300000, 0x00000000e3200000| Untracked 
|  51|0x00000000e3300000, 0x00000000e3400000, 0x00000000e3400000|100%| O|  |TAMS 0x00000000e3400000, 0x00000000e3300000| Untracked 
|  52|0x00000000e3400000, 0x00000000e3500000, 0x00000000e3500000|100%| O|  |TAMS 0x00000000e3500000, 0x00000000e3400000| Untracked 
|  53|0x00000000e3500000, 0x00000000e3600000, 0x00000000e3600000|100%| O|  |TAMS 0x00000000e3600000, 0x00000000e3500000| Untracked 
|  54|0x00000000e3600000, 0x00000000e3700000, 0x00000000e3700000|100%| O|  |TAMS 0x00000000e3700000, 0x00000000e3600000| Untracked 
|  55|0x00000000e3700000, 0x00000000e3800000, 0x00000000e3800000|100%| O|  |TAMS 0x00000000e3800000, 0x00000000e3700000| Untracked 
|  56|0x00000000e3800000, 0x00000000e3900000, 0x00000000e3900000|100%| O|  |TAMS 0x00000000e3900000, 0x00000000e3800000| Untracked 
|  57|0x00000000e3900000, 0x00000000e3a00000, 0x00000000e3a00000|100%| O|  |TAMS 0x00000000e3a00000, 0x00000000e3900000| Untracked 
|  58|0x00000000e3a00000, 0x00000000e3b00000, 0x00000000e3b00000|100%| O|  |TAMS 0x00000000e3b00000, 0x00000000e3a00000| Untracked 
|  59|0x00000000e3b00000, 0x00000000e3c00000, 0x00000000e3c00000|100%| O|  |TAMS 0x00000000e3c00000, 0x00000000e3b00000| Untracked 
|  60|0x00000000e3c00000, 0x00000000e3d00000, 0x00000000e3d00000|100%| O|  |TAMS 0x00000000e3d00000, 0x00000000e3c00000| Untracked 
|  61|0x00000000e3d00000, 0x00000000e3e00000, 0x00000000e3e00000|100%| O|  |TAMS 0x00000000e3e00000, 0x00000000e3d00000| Untracked 
|  62|0x00000000e3e00000, 0x00000000e3f00000, 0x00000000e3f00000|100%| O|  |TAMS 0x00000000e3f00000, 0x00000000e3e00000| Untracked 
|  63|0x00000000e3f00000, 0x00000000e4000000, 0x00000000e4000000|100%| O|  |TAMS 0x00000000e3f00000, 0x00000000e3f00000| Untracked 
|  64|0x00000000e4000000, 0x00000000e4100000, 0x00000000e4100000|100%| O|  |TAMS 0x00000000e4100000, 0x00000000e4000000| Untracked 
|  65|0x00000000e4100000, 0x00000000e4200000, 0x00000000e4200000|100%| O|  |TAMS 0x00000000e4200000, 0x00000000e4100000| Untracked 
|  66|0x00000000e4200000, 0x00000000e4300000, 0x00000000e4300000|100%| O|  |TAMS 0x00000000e4300000, 0x00000000e4200000| Untracked 
|  67|0x00000000e4300000, 0x00000000e4400000, 0x00000000e4400000|100%| O|  |TAMS 0x00000000e4400000, 0x00000000e4300000| Untracked 
|  68|0x00000000e4400000, 0x00000000e4500000, 0x00000000e4500000|100%| O|  |TAMS 0x00000000e4500000, 0x00000000e4400000| Untracked 
|  69|0x00000000e4500000, 0x00000000e4600000, 0x00000000e4600000|100%| O|  |TAMS 0x00000000e4600000, 0x00000000e4500000| Untracked 
|  70|0x00000000e4600000, 0x00000000e4700000, 0x00000000e4700000|100%| O|  |TAMS 0x00000000e4700000, 0x00000000e4600000| Untracked 
|  71|0x00000000e4700000, 0x00000000e4800000, 0x00000000e4800000|100%| O|  |TAMS 0x00000000e4800000, 0x00000000e4700000| Untracked 
|  72|0x00000000e4800000, 0x00000000e4900000, 0x00000000e4900000|100%| O|  |TAMS 0x00000000e4900000, 0x00000000e4800000| Untracked 
|  73|0x00000000e4900000, 0x00000000e4a00000, 0x00000000e4a00000|100%| O|  |TAMS 0x00000000e4a00000, 0x00000000e4900000| Untracked 
|  74|0x00000000e4a00000, 0x00000000e4b00000, 0x00000000e4b00000|100%| O|  |TAMS 0x00000000e4b00000, 0x00000000e4a00000| Untracked 
|  75|0x00000000e4b00000, 0x00000000e4c00000, 0x00000000e4c00000|100%| O|  |TAMS 0x00000000e4b00000, 0x00000000e4b00000| Untracked 
|  76|0x00000000e4c00000, 0x00000000e4d00000, 0x00000000e4d00000|100%| O|  |TAMS 0x00000000e4d00000, 0x00000000e4c00000| Untracked 
|  77|0x00000000e4d00000, 0x00000000e4e00000, 0x00000000e4e00000|100%| O|  |TAMS 0x00000000e4e00000, 0x00000000e4d00000| Untracked 
|  78|0x00000000e4e00000, 0x00000000e4f00000, 0x00000000e4f00000|100%| O|  |TAMS 0x00000000e4f00000, 0x00000000e4e00000| Untracked 
|  79|0x00000000e4f00000, 0x00000000e5000000, 0x00000000e5000000|100%| O|  |TAMS 0x00000000e5000000, 0x00000000e4f00000| Untracked 
|  80|0x00000000e5000000, 0x00000000e5100000, 0x00000000e5100000|100%| O|  |TAMS 0x00000000e5100000, 0x00000000e5000000| Untracked 
|  81|0x00000000e5100000, 0x00000000e5200000, 0x00000000e5200000|100%| O|  |TAMS 0x00000000e5200000, 0x00000000e5100000| Untracked 
|  82|0x00000000e5200000, 0x00000000e5300000, 0x00000000e5300000|100%| O|  |TAMS 0x00000000e5300000, 0x00000000e5200000| Untracked 
|  83|0x00000000e5300000, 0x00000000e5400000, 0x00000000e5400000|100%| O|  |TAMS 0x00000000e5400000, 0x00000000e5300000| Untracked 
|  84|0x00000000e5400000, 0x00000000e5500000, 0x00000000e5500000|100%| O|  |TAMS 0x00000000e5500000, 0x00000000e5400000| Untracked 
|  85|0x00000000e5500000, 0x00000000e5600000, 0x00000000e5600000|100%|HS|  |TAMS 0x00000000e5600000, 0x00000000e5500000| Complete 
|  86|0x00000000e5600000, 0x00000000e5700000, 0x00000000e5700000|100%|HC|  |TAMS 0x00000000e5700000, 0x00000000e5600000| Complete 
|  87|0x00000000e5700000, 0x00000000e5800000, 0x00000000e5800000|100%|HS|  |TAMS 0x00000000e5800000, 0x00000000e5700000| Complete 
|  88|0x00000000e5800000, 0x00000000e5900000, 0x00000000e5900000|100%|HC|  |TAMS 0x00000000e5900000, 0x00000000e5800000| Complete 
|  89|0x00000000e5900000, 0x00000000e5a00000, 0x00000000e5a00000|100%| O|  |TAMS 0x00000000e5a00000, 0x00000000e5900000| Untracked 
|  90|0x00000000e5a00000, 0x00000000e5b00000, 0x00000000e5b00000|100%| O|  |TAMS 0x00000000e5b00000, 0x00000000e5a00000| Untracked 
|  91|0x00000000e5b00000, 0x00000000e5c00000, 0x00000000e5c00000|100%| O|  |TAMS 0x00000000e5c00000, 0x00000000e5b00000| Untracked 
|  92|0x00000000e5c00000, 0x00000000e5d00000, 0x00000000e5d00000|100%| O|  |TAMS 0x00000000e5d00000, 0x00000000e5c00000| Untracked 
|  93|0x00000000e5d00000, 0x00000000e5e00000, 0x00000000e5e00000|100%| O|  |TAMS 0x00000000e5e00000, 0x00000000e5d00000| Untracked 
|  94|0x00000000e5e00000, 0x00000000e5f00000, 0x00000000e5f00000|100%| O|  |TAMS 0x00000000e5f00000, 0x00000000e5e00000| Untracked 
|  95|0x00000000e5f00000, 0x00000000e6000000, 0x00000000e6000000|100%| O|  |TAMS 0x00000000e6000000, 0x00000000e5f00000| Untracked 
|  96|0x00000000e6000000, 0x00000000e6100000, 0x00000000e6100000|100%| O|  |TAMS 0x00000000e6100000, 0x00000000e6000000| Untracked 
|  97|0x00000000e6100000, 0x00000000e6200000, 0x00000000e6200000|100%| O|  |TAMS 0x00000000e6200000, 0x00000000e6100000| Untracked 
|  98|0x00000000e6200000, 0x00000000e6300000, 0x00000000e6300000|100%| O|  |TAMS 0x00000000e6300000, 0x00000000e6200000| Untracked 
|  99|0x00000000e6300000, 0x00000000e6400000, 0x00000000e6400000|100%| O|  |TAMS 0x00000000e6400000, 0x00000000e6300000| Untracked 
| 100|0x00000000e6400000, 0x00000000e6500000, 0x00000000e6500000|100%| O|  |TAMS 0x00000000e6500000, 0x00000000e6400000| Untracked 
| 101|0x00000000e6500000, 0x00000000e6600000, 0x00000000e6600000|100%| O|  |TAMS 0x00000000e6600000, 0x00000000e6500000| Untracked 
| 102|0x00000000e6600000, 0x00000000e6700000, 0x00000000e6700000|100%| O|  |TAMS 0x00000000e6700000, 0x00000000e6600000| Untracked 
| 103|0x00000000e6700000, 0x00000000e6800000, 0x00000000e6800000|100%| O|  |TAMS 0x00000000e6800000, 0x00000000e6700000| Untracked 
| 104|0x00000000e6800000, 0x00000000e6900000, 0x00000000e6900000|100%| O|  |TAMS 0x00000000e6900000, 0x00000000e6800000| Untracked 
| 105|0x00000000e6900000, 0x00000000e6a00000, 0x00000000e6a00000|100%| O|  |TAMS 0x00000000e6a00000, 0x00000000e6900000| Untracked 
| 106|0x00000000e6a00000, 0x00000000e6b00000, 0x00000000e6b00000|100%| O|  |TAMS 0x00000000e6b00000, 0x00000000e6a00000| Untracked 
| 107|0x00000000e6b00000, 0x00000000e6c00000, 0x00000000e6c00000|100%| O|  |TAMS 0x00000000e6c00000, 0x00000000e6b00000| Untracked 
| 108|0x00000000e6c00000, 0x00000000e6d00000, 0x00000000e6d00000|100%| O|  |TAMS 0x00000000e6d00000, 0x00000000e6c00000| Untracked 
| 109|0x00000000e6d00000, 0x00000000e6e00000, 0x00000000e6e00000|100%| O|  |TAMS 0x00000000e6e00000, 0x00000000e6d00000| Untracked 
| 110|0x00000000e6e00000, 0x00000000e6f00000, 0x00000000e6f00000|100%| O|  |TAMS 0x00000000e6f00000, 0x00000000e6e00000| Untracked 
| 111|0x00000000e6f00000, 0x00000000e7000000, 0x00000000e7000000|100%| O|  |TAMS 0x00000000e7000000, 0x00000000e6f00000| Untracked 
| 112|0x00000000e7000000, 0x00000000e7100000, 0x00000000e7100000|100%| O|  |TAMS 0x00000000e7100000, 0x00000000e7000000| Untracked 
| 113|0x00000000e7100000, 0x00000000e7200000, 0x00000000e7200000|100%| O|  |TAMS 0x00000000e7200000, 0x00000000e7100000| Untracked 
| 114|0x00000000e7200000, 0x00000000e7300000, 0x00000000e7300000|100%| O|  |TAMS 0x00000000e7300000, 0x00000000e7200000| Untracked 
| 115|0x00000000e7300000, 0x00000000e7400000, 0x00000000e7400000|100%| O|  |TAMS 0x00000000e7400000, 0x00000000e7300000| Untracked 
| 116|0x00000000e7400000, 0x00000000e7500000, 0x00000000e7500000|100%| O|  |TAMS 0x00000000e7500000, 0x00000000e7400000| Untracked 
| 117|0x00000000e7500000, 0x00000000e7600000, 0x00000000e7600000|100%| O|  |TAMS 0x00000000e7600000, 0x00000000e7500000| Untracked 
| 118|0x00000000e7600000, 0x00000000e7700000, 0x00000000e7700000|100%| O|  |TAMS 0x00000000e7700000, 0x00000000e7600000| Untracked 
| 119|0x00000000e7700000, 0x00000000e7800000, 0x00000000e7800000|100%| O|  |TAMS 0x00000000e7800000, 0x00000000e7700000| Untracked 
| 120|0x00000000e7800000, 0x00000000e7900000, 0x00000000e7900000|100%| O|  |TAMS 0x00000000e7900000, 0x00000000e7800000| Untracked 
| 121|0x00000000e7900000, 0x00000000e7a00000, 0x00000000e7a00000|100%| O|  |TAMS 0x00000000e7a00000, 0x00000000e7900000| Untracked 
| 122|0x00000000e7a00000, 0x00000000e7b00000, 0x00000000e7b00000|100%| O|  |TAMS 0x00000000e7b00000, 0x00000000e7a00000| Untracked 
| 123|0x00000000e7b00000, 0x00000000e7c00000, 0x00000000e7c00000|100%| O|  |TAMS 0x00000000e7c00000, 0x00000000e7b00000| Untracked 
| 124|0x00000000e7c00000, 0x00000000e7d00000, 0x00000000e7d00000|100%| O|  |TAMS 0x00000000e7c00000, 0x00000000e7c00000| Untracked 
| 125|0x00000000e7d00000, 0x00000000e7e00000, 0x00000000e7e00000|100%| O|  |TAMS 0x00000000e7e00000, 0x00000000e7d00000| Untracked 
| 126|0x00000000e7e00000, 0x00000000e7f00000, 0x00000000e7f00000|100%| O|  |TAMS 0x00000000e7f00000, 0x00000000e7e00000| Untracked 
| 127|0x00000000e7f00000, 0x00000000e8000000, 0x00000000e8000000|100%| O|  |TAMS 0x00000000e8000000, 0x00000000e7f00000| Untracked 
| 128|0x00000000e8000000, 0x00000000e8100000, 0x00000000e8100000|100%| O|  |TAMS 0x00000000e8100000, 0x00000000e8000000| Untracked 
| 129|0x00000000e8100000, 0x00000000e8200000, 0x00000000e8200000|100%| O|  |TAMS 0x00000000e8200000, 0x00000000e8100000| Untracked 
| 130|0x00000000e8200000, 0x00000000e8300000, 0x00000000e8300000|100%| O|  |TAMS 0x00000000e8300000, 0x00000000e8200000| Untracked 
| 131|0x00000000e8300000, 0x00000000e8400000, 0x00000000e8400000|100%| O|  |TAMS 0x00000000e8400000, 0x00000000e8300000| Untracked 
| 132|0x00000000e8400000, 0x00000000e8500000, 0x00000000e8500000|100%| O|  |TAMS 0x00000000e8500000, 0x00000000e8400000| Untracked 
| 133|0x00000000e8500000, 0x00000000e8600000, 0x00000000e8600000|100%| O|  |TAMS 0x00000000e8600000, 0x00000000e8500000| Untracked 
| 134|0x00000000e8600000, 0x00000000e8700000, 0x00000000e8700000|100%| O|  |TAMS 0x00000000e8700000, 0x00000000e8600000| Untracked 
| 135|0x00000000e8700000, 0x00000000e8800000, 0x00000000e8800000|100%| O|  |TAMS 0x00000000e8800000, 0x00000000e8700000| Untracked 
| 136|0x00000000e8800000, 0x00000000e8900000, 0x00000000e8900000|100%| O|  |TAMS 0x00000000e8900000, 0x00000000e8800000| Untracked 
| 137|0x00000000e8900000, 0x00000000e8a00000, 0x00000000e8a00000|100%| O|  |TAMS 0x00000000e8a00000, 0x00000000e8900000| Untracked 
| 138|0x00000000e8a00000, 0x00000000e8b00000, 0x00000000e8b00000|100%| O|  |TAMS 0x00000000e8b00000, 0x00000000e8a00000| Untracked 
| 139|0x00000000e8b00000, 0x00000000e8c00000, 0x00000000e8c00000|100%| O|  |TAMS 0x00000000e8c00000, 0x00000000e8b00000| Untracked 
| 140|0x00000000e8c00000, 0x00000000e8d00000, 0x00000000e8d00000|100%| O|  |TAMS 0x00000000e8d00000, 0x00000000e8c00000| Untracked 
| 141|0x00000000e8d00000, 0x00000000e8e00000, 0x00000000e8e00000|100%| O|  |TAMS 0x00000000e8e00000, 0x00000000e8d00000| Untracked 
| 142|0x00000000e8e00000, 0x00000000e8f00000, 0x00000000e8f00000|100%| O|  |TAMS 0x00000000e8f00000, 0x00000000e8e00000| Untracked 
| 143|0x00000000e8f00000, 0x00000000e9000000, 0x00000000e9000000|100%| O|  |TAMS 0x00000000e9000000, 0x00000000e8f00000| Untracked 
| 144|0x00000000e9000000, 0x00000000e9100000, 0x00000000e9100000|100%| O|  |TAMS 0x00000000e9100000, 0x00000000e9000000| Untracked 
| 145|0x00000000e9100000, 0x00000000e9200000, 0x00000000e9200000|100%| O|  |TAMS 0x00000000e9200000, 0x00000000e9100000| Untracked 
| 146|0x00000000e9200000, 0x00000000e9300000, 0x00000000e9300000|100%| O|  |TAMS 0x00000000e9300000, 0x00000000e9200000| Untracked 
| 147|0x00000000e9300000, 0x00000000e9400000, 0x00000000e9400000|100%| O|  |TAMS 0x00000000e9400000, 0x00000000e9300000| Untracked 
| 148|0x00000000e9400000, 0x00000000e9500000, 0x00000000e9500000|100%| O|  |TAMS 0x00000000e9500000, 0x00000000e9400000| Untracked 
| 149|0x00000000e9500000, 0x00000000e9600000, 0x00000000e9600000|100%| O|  |TAMS 0x00000000e9600000, 0x00000000e9500000| Untracked 
| 150|0x00000000e9600000, 0x00000000e9700000, 0x00000000e9700000|100%| O|  |TAMS 0x00000000e9700000, 0x00000000e9600000| Untracked 
| 151|0x00000000e9700000, 0x00000000e9800000, 0x00000000e9800000|100%| O|  |TAMS 0x00000000e9800000, 0x00000000e9700000| Untracked 
| 152|0x00000000e9800000, 0x00000000e9900000, 0x00000000e9900000|100%| O|  |TAMS 0x00000000e9900000, 0x00000000e9800000| Untracked 
| 153|0x00000000e9900000, 0x00000000e9a00000, 0x00000000e9a00000|100%| O|  |TAMS 0x00000000e9a00000, 0x00000000e9900000| Untracked 
| 154|0x00000000e9a00000, 0x00000000e9b00000, 0x00000000e9b00000|100%| O|  |TAMS 0x00000000e9b00000, 0x00000000e9a00000| Untracked 
| 155|0x00000000e9b00000, 0x00000000e9c00000, 0x00000000e9c00000|100%| O|  |TAMS 0x00000000e9b00000, 0x00000000e9b00000| Untracked 
| 156|0x00000000e9c00000, 0x00000000e9d00000, 0x00000000e9d00000|100%| O|  |TAMS 0x00000000e9c00000, 0x00000000e9c00000| Untracked 
| 157|0x00000000e9d00000, 0x00000000e9e00000, 0x00000000e9e00000|100%| O|  |TAMS 0x00000000e9d00000, 0x00000000e9d00000| Untracked 
| 158|0x00000000e9e00000, 0x00000000e9f00000, 0x00000000e9f00000|100%|HS|  |TAMS 0x00000000e9e00000, 0x00000000e9e00000| Complete 
| 159|0x00000000e9f00000, 0x00000000ea000000, 0x00000000ea000000|100%| O|  |TAMS 0x00000000e9f00000, 0x00000000e9f00000| Untracked 
| 160|0x00000000ea000000, 0x00000000ea100000, 0x00000000ea100000|100%| O|  |TAMS 0x00000000ea000000, 0x00000000ea000000| Untracked 
| 161|0x00000000ea100000, 0x00000000ea200000, 0x00000000ea200000|100%| O|  |TAMS 0x00000000ea100000, 0x00000000ea100000| Untracked 
| 162|0x00000000ea200000, 0x00000000ea300000, 0x00000000ea300000|100%| O|  |TAMS 0x00000000ea200000, 0x00000000ea200000| Untracked 
| 163|0x00000000ea300000, 0x00000000ea400000, 0x00000000ea400000|100%| O|  |TAMS 0x00000000ea300000, 0x00000000ea300000| Untracked 
| 164|0x00000000ea400000, 0x00000000ea500000, 0x00000000ea500000|100%| O|  |TAMS 0x00000000ea500000, 0x00000000ea400000| Untracked 
| 165|0x00000000ea500000, 0x00000000ea600000, 0x00000000ea600000|100%| O|  |TAMS 0x00000000ea500000, 0x00000000ea500000| Untracked 
| 166|0x00000000ea600000, 0x00000000ea700000, 0x00000000ea700000|100%| O|  |TAMS 0x00000000ea600000, 0x00000000ea600000| Untracked 
| 167|0x00000000ea700000, 0x00000000ea800000, 0x00000000ea800000|100%| O|  |TAMS 0x00000000ea700000, 0x00000000ea700000| Untracked 
| 168|0x00000000ea800000, 0x00000000ea900000, 0x00000000ea900000|100%| O|  |TAMS 0x00000000ea800000, 0x00000000ea800000| Untracked 
| 169|0x00000000ea900000, 0x00000000eaa00000, 0x00000000eaa00000|100%| O|  |TAMS 0x00000000ea900000, 0x00000000ea900000| Untracked 
| 170|0x00000000eaa00000, 0x00000000eab00000, 0x00000000eab00000|100%| O|  |TAMS 0x00000000eaa00000, 0x00000000eaa00000| Untracked 
| 171|0x00000000eab00000, 0x00000000eac00000, 0x00000000eac00000|100%| O|  |TAMS 0x00000000eab00000, 0x00000000eab00000| Untracked 
| 172|0x00000000eac00000, 0x00000000ead00000, 0x00000000ead00000|100%| O|  |TAMS 0x00000000eac00000, 0x00000000eac00000| Untracked 
| 173|0x00000000ead00000, 0x00000000eae00000, 0x00000000eae00000|100%| O|  |TAMS 0x00000000ead00000, 0x00000000ead00000| Untracked 
| 174|0x00000000eae00000, 0x00000000eaf00000, 0x00000000eaf00000|100%|HS|  |TAMS 0x00000000eae00000, 0x00000000eae00000| Complete 
| 175|0x00000000eaf00000, 0x00000000eb000000, 0x00000000eb000000|100%|HS|  |TAMS 0x00000000eaf00000, 0x00000000eaf00000| Complete 
| 176|0x00000000eb000000, 0x00000000eb100000, 0x00000000eb100000|100%|HC|  |TAMS 0x00000000eb000000, 0x00000000eb000000| Complete 
| 177|0x00000000eb100000, 0x00000000eb200000, 0x00000000eb200000|100%| O|  |TAMS 0x00000000eb100000, 0x00000000eb100000| Untracked 
| 178|0x00000000eb200000, 0x00000000eb300000, 0x00000000eb300000|100%| O|  |TAMS 0x00000000eb300000, 0x00000000eb200000| Untracked 
| 179|0x00000000eb300000, 0x00000000eb400000, 0x00000000eb400000|100%| O|  |TAMS 0x00000000eb400000, 0x00000000eb300000| Untracked 
| 180|0x00000000eb400000, 0x00000000eb500000, 0x00000000eb500000|100%| O|  |TAMS 0x00000000eb500000, 0x00000000eb400000| Untracked 
| 181|0x00000000eb500000, 0x00000000eb600000, 0x00000000eb600000|100%| O|  |TAMS 0x00000000eb600000, 0x00000000eb500000| Untracked 
| 182|0x00000000eb600000, 0x00000000eb700000, 0x00000000eb700000|100%| O|  |TAMS 0x00000000eb700000, 0x00000000eb600000| Untracked 
| 183|0x00000000eb700000, 0x00000000eb800000, 0x00000000eb800000|100%| O|  |TAMS 0x00000000eb800000, 0x00000000eb700000| Untracked 
| 184|0x00000000eb800000, 0x00000000eb900000, 0x00000000eb900000|100%| O|  |TAMS 0x00000000eb900000, 0x00000000eb800000| Untracked 
| 185|0x00000000eb900000, 0x00000000eba00000, 0x00000000eba00000|100%| O|  |TAMS 0x00000000eb9fae00, 0x00000000eb900000| Untracked 
| 186|0x00000000eba00000, 0x00000000ebb00000, 0x00000000ebb00000|100%|HS|  |TAMS 0x00000000eba00000, 0x00000000eba00000| Complete 
| 187|0x00000000ebb00000, 0x00000000ebc00000, 0x00000000ebc00000|100%|HC|  |TAMS 0x00000000ebb00000, 0x00000000ebb00000| Complete 
| 188|0x00000000ebc00000, 0x00000000ebd00000, 0x00000000ebd00000|100%| O|  |TAMS 0x00000000ebc00000, 0x00000000ebc00000| Untracked 
| 189|0x00000000ebd00000, 0x00000000ebe00000, 0x00000000ebe00000|100%| O|  |TAMS 0x00000000ebd00000, 0x00000000ebd00000| Untracked 
| 190|0x00000000ebe00000, 0x00000000ebf00000, 0x00000000ebf00000|100%| O|  |TAMS 0x00000000ebe00000, 0x00000000ebe00000| Untracked 
| 191|0x00000000ebf00000, 0x00000000ec000000, 0x00000000ec000000|100%| O|  |TAMS 0x00000000ebf00000, 0x00000000ebf00000| Untracked 
| 192|0x00000000ec000000, 0x00000000ec100000, 0x00000000ec100000|100%| O|  |TAMS 0x00000000ec000000, 0x00000000ec000000| Untracked 
| 193|0x00000000ec100000, 0x00000000ec200000, 0x00000000ec200000|100%| O|  |TAMS 0x00000000ec100000, 0x00000000ec100000| Untracked 
| 194|0x00000000ec200000, 0x00000000ec2a2dd8, 0x00000000ec300000| 63%| O|  |TAMS 0x00000000ec200000, 0x00000000ec200000| Untracked 
| 195|0x00000000ec300000, 0x00000000ec300000, 0x00000000ec400000|  0%| F|  |TAMS 0x00000000ec300000, 0x00000000ec300000| Untracked 
| 196|0x00000000ec400000, 0x00000000ec400000, 0x00000000ec500000|  0%| F|  |TAMS 0x00000000ec400000, 0x00000000ec400000| Untracked 
| 197|0x00000000ec500000, 0x00000000ec500000, 0x00000000ec600000|  0%| F|  |TAMS 0x00000000ec500000, 0x00000000ec500000| Untracked 
| 198|0x00000000ec600000, 0x00000000ec600000, 0x00000000ec700000|  0%| F|  |TAMS 0x00000000ec600000, 0x00000000ec600000| Untracked 
| 199|0x00000000ec700000, 0x00000000ec700000, 0x00000000ec800000|  0%| F|  |TAMS 0x00000000ec700000, 0x00000000ec700000| Untracked 
| 200|0x00000000ec800000, 0x00000000ec800000, 0x00000000ec900000|  0%| F|  |TAMS 0x00000000ec800000, 0x00000000ec800000| Untracked 
| 201|0x00000000ec900000, 0x00000000ec900000, 0x00000000eca00000|  0%| F|  |TAMS 0x00000000ec900000, 0x00000000ec900000| Untracked 
| 202|0x00000000eca00000, 0x00000000eca00000, 0x00000000ecb00000|  0%| F|  |TAMS 0x00000000eca00000, 0x00000000eca00000| Untracked 
| 203|0x00000000ecb00000, 0x00000000ecb00000, 0x00000000ecc00000|  0%| F|  |TAMS 0x00000000ecb00000, 0x00000000ecb00000| Untracked 
| 204|0x00000000ecc00000, 0x00000000ecc00000, 0x00000000ecd00000|  0%| F|  |TAMS 0x00000000ecc00000, 0x00000000ecc00000| Untracked 
| 205|0x00000000ecd00000, 0x00000000ecd00000, 0x00000000ece00000|  0%| F|  |TAMS 0x00000000ecd00000, 0x00000000ecd00000| Untracked 
| 206|0x00000000ece00000, 0x00000000ece00000, 0x00000000ecf00000|  0%| F|  |TAMS 0x00000000ece00000, 0x00000000ece00000| Untracked 
| 207|0x00000000ecf00000, 0x00000000ecf00000, 0x00000000ed000000|  0%| F|  |TAMS 0x00000000ecf00000, 0x00000000ecf00000| Untracked 
| 208|0x00000000ed000000, 0x00000000ed000000, 0x00000000ed100000|  0%| F|  |TAMS 0x00000000ed000000, 0x00000000ed000000| Untracked 
| 209|0x00000000ed100000, 0x00000000ed100000, 0x00000000ed200000|  0%| F|  |TAMS 0x00000000ed100000, 0x00000000ed100000| Untracked 
| 210|0x00000000ed200000, 0x00000000ed200000, 0x00000000ed300000|  0%| F|  |TAMS 0x00000000ed200000, 0x00000000ed200000| Untracked 
| 211|0x00000000ed300000, 0x00000000ed300000, 0x00000000ed400000|  0%| F|  |TAMS 0x00000000ed300000, 0x00000000ed300000| Untracked 
| 212|0x00000000ed400000, 0x00000000ed400000, 0x00000000ed500000|  0%| F|  |TAMS 0x00000000ed400000, 0x00000000ed400000| Untracked 
| 213|0x00000000ed500000, 0x00000000ed500000, 0x00000000ed600000|  0%| F|  |TAMS 0x00000000ed500000, 0x00000000ed500000| Untracked 
| 214|0x00000000ed600000, 0x00000000ed600000, 0x00000000ed700000|  0%| F|  |TAMS 0x00000000ed600000, 0x00000000ed600000| Untracked 
| 215|0x00000000ed700000, 0x00000000ed700000, 0x00000000ed800000|  0%| F|  |TAMS 0x00000000ed700000, 0x00000000ed700000| Untracked 
| 216|0x00000000ed800000, 0x00000000ed800000, 0x00000000ed900000|  0%| F|  |TAMS 0x00000000ed800000, 0x00000000ed800000| Untracked 
| 217|0x00000000ed900000, 0x00000000ed900000, 0x00000000eda00000|  0%| F|  |TAMS 0x00000000ed900000, 0x00000000ed900000| Untracked 
| 218|0x00000000eda00000, 0x00000000eda00000, 0x00000000edb00000|  0%| F|  |TAMS 0x00000000eda00000, 0x00000000eda00000| Untracked 
| 219|0x00000000edb00000, 0x00000000edb00000, 0x00000000edc00000|  0%| F|  |TAMS 0x00000000edb00000, 0x00000000edb00000| Untracked 
| 220|0x00000000edc00000, 0x00000000edc8bf38, 0x00000000edd00000| 54%| E|CS|TAMS 0x00000000edc00000, 0x00000000edc00000| Complete 
| 221|0x00000000edd00000, 0x00000000ede00000, 0x00000000ede00000|100%| E|CS|TAMS 0x00000000edd00000, 0x00000000edd00000| Complete 
| 222|0x00000000ede00000, 0x00000000ede59d80, 0x00000000edf00000| 35%| S|  |TAMS 0x00000000ede00000, 0x00000000ede00000| Complete 
| 223|0x00000000edf00000, 0x00000000ee000000, 0x00000000ee000000|100%| S|  |TAMS 0x00000000edf00000, 0x00000000edf00000| Complete 
| 224|0x00000000ee000000, 0x00000000ee100000, 0x00000000ee100000|100%| E|CS|TAMS 0x00000000ee000000, 0x00000000ee000000| Complete 
| 225|0x00000000ee100000, 0x00000000ee200000, 0x00000000ee200000|100%| E|CS|TAMS 0x00000000ee100000, 0x00000000ee100000| Complete 
| 226|0x00000000ee200000, 0x00000000ee300000, 0x00000000ee300000|100%| E|CS|TAMS 0x00000000ee200000, 0x00000000ee200000| Complete 
| 227|0x00000000ee300000, 0x00000000ee400000, 0x00000000ee400000|100%| E|CS|TAMS 0x00000000ee300000, 0x00000000ee300000| Complete 
| 228|0x00000000ee400000, 0x00000000ee500000, 0x00000000ee500000|100%| E|CS|TAMS 0x00000000ee400000, 0x00000000ee400000| Complete 
| 229|0x00000000ee500000, 0x00000000ee600000, 0x00000000ee600000|100%| E|CS|TAMS 0x00000000ee500000, 0x00000000ee500000| Complete 
| 230|0x00000000ee600000, 0x00000000ee700000, 0x00000000ee700000|100%| E|CS|TAMS 0x00000000ee600000, 0x00000000ee600000| Complete 
| 231|0x00000000ee700000, 0x00000000ee800000, 0x00000000ee800000|100%| E|CS|TAMS 0x00000000ee700000, 0x00000000ee700000| Complete 
| 232|0x00000000ee800000, 0x00000000ee900000, 0x00000000ee900000|100%| E|CS|TAMS 0x00000000ee800000, 0x00000000ee800000| Complete 
| 233|0x00000000ee900000, 0x00000000eea00000, 0x00000000eea00000|100%| E|CS|TAMS 0x00000000ee900000, 0x00000000ee900000| Complete 
| 234|0x00000000eea00000, 0x00000000eeb00000, 0x00000000eeb00000|100%| E|CS|TAMS 0x00000000eea00000, 0x00000000eea00000| Complete 
| 235|0x00000000eeb00000, 0x00000000eec00000, 0x00000000eec00000|100%| E|CS|TAMS 0x00000000eeb00000, 0x00000000eeb00000| Complete 
| 236|0x00000000eec00000, 0x00000000eed00000, 0x00000000eed00000|100%| E|CS|TAMS 0x00000000eec00000, 0x00000000eec00000| Complete 
| 237|0x00000000eed00000, 0x00000000eee00000, 0x00000000eee00000|100%| E|CS|TAMS 0x00000000eed00000, 0x00000000eed00000| Complete 
| 238|0x00000000eee00000, 0x00000000eef00000, 0x00000000eef00000|100%| E|CS|TAMS 0x00000000eee00000, 0x00000000eee00000| Complete 
| 239|0x00000000eef00000, 0x00000000ef000000, 0x00000000ef000000|100%| E|CS|TAMS 0x00000000eef00000, 0x00000000eef00000| Complete 
| 240|0x00000000ef000000, 0x00000000ef100000, 0x00000000ef100000|100%| E|CS|TAMS 0x00000000ef000000, 0x00000000ef000000| Complete 
| 241|0x00000000ef100000, 0x00000000ef200000, 0x00000000ef200000|100%| E|CS|TAMS 0x00000000ef100000, 0x00000000ef100000| Complete 
| 242|0x00000000ef200000, 0x00000000ef300000, 0x00000000ef300000|100%| E|CS|TAMS 0x00000000ef200000, 0x00000000ef200000| Complete 

Card table byte_map: [0x00000191d9890000,0x00000191d9990000] _byte_map_base: 0x00000191d9190000

Marking Bits (Prev, Next): (CMBitMap*) 0x00000191c52802d0, (CMBitMap*) 0x00000191c5280298
 Prev Bits: [0x00000191da290000, 0x00000191daa90000)
 Next Bits: [0x00000191d9a90000, 0x00000191da290000)

Polling page: 0x00000191c3170000

Metaspace:

Usage:
  Non-class:     29.27 MB capacity,    28.88 MB ( 99%) used,   323.23 KB (  1%) free+waste,    74.69 KB ( <1%) overhead. 
      Class:      3.43 MB capacity,     3.21 MB ( 94%) used,   191.24 KB (  5%) free+waste,    30.19 KB ( <1%) overhead. 
       Both:     32.70 MB capacity,    32.09 MB ( 98%) used,   514.47 KB (  2%) free+waste,   104.88 KB ( <1%) overhead. 

Virtual space:
  Non-class space:       30.00 MB reserved,      29.50 MB ( 98%) committed 
      Class space:        1.00 GB reserved,       3.50 MB ( <1%) committed 
             Both:        1.03 GB reserved,      33.00 MB (  3%) committed 

Chunk freelists:
   Non-Class:  45.00 KB
       Class:  0 bytes
        Both:  45.00 KB

MaxMetaspaceSize: 17179869184.00 GB
CompressedClassSpaceSize: 1.00 GB
Initial GC threshold: 20.80 MB
Current GC threshold: 49.38 MB
CDS: off

CodeHeap 'non-profiled nmethods': size=120000Kb used=8599Kb max_used=8599Kb free=111400Kb
 bounds [0x00000191d1f20000, 0x00000191d2790000, 0x00000191d9450000]
CodeHeap 'profiled nmethods': size=120000Kb used=19619Kb max_used=19619Kb free=100380Kb
 bounds [0x00000191ca9f0000, 0x00000191cbd20000, 0x00000191d1f20000]
CodeHeap 'non-nmethods': size=5760Kb used=1255Kb max_used=1328Kb free=4504Kb
 bounds [0x00000191ca450000, 0x00000191ca6c0000, 0x00000191ca9f0000]
 total_blobs=8542 nmethods=8010 adapters=444
 compilation: enabled
              stopped_count=0, restarted_count=0
 full_count=0

Compilation events (20 events):
Event: 1084.157 Thread 0x00000191dd4aa800 8183       4       com.vladsch.flexmark.ast.util.Parsing$PatternTypeFlags::equals (240 bytes)
Event: 1084.163 Thread 0x00000191dd4aa800 nmethod 8183 0x00000191d277ce90 code [0x00000191d277d040, 0x00000191d277d9b8]
Event: 1084.163 Thread 0x00000191dd4b3000 8186       3       sun.nio.cs.UTF_8::newDecoder (9 bytes)
Event: 1084.163 Thread 0x00000191dd4aa800 8185       4       org.languagetool.rules.AbstractUnitConversionRule::matchUnits (194 bytes)
Event: 1084.164 Thread 0x00000191dd4b3000 nmethod 8186 0x00000191cbd13190 code [0x00000191cbd13380, 0x00000191cbd13608]
Event: 1084.250 Thread 0x00000191dd4aa800 nmethod 8185 0x00000191d277dc90 code [0x00000191d277e000, 0x00000191d2780d58]
Event: 1084.251 Thread 0x00000191dd4aa800 8184 %     4       org.languagetool.markup.AnnotatedText::getPlainText @ 18 (74 bytes)
Event: 1084.261 Thread 0x00000191dd4aa800 nmethod 8184% 0x00000191d2783390 code [0x00000191d27835a0, 0x00000191d2783fb0]
Event: 1085.861 Thread 0x00000191dd4aa800 8187       4       java.util.Formatter$FormatSpecifier::appendJustified (91 bytes)
Event: 1085.862 Thread 0x00000191dd4aa800 nmethod 8187 0x00000191d2784590 code [0x00000191d2784740, 0x00000191d2784828]
Event: 1085.864 Thread 0x00000191dd4aa800 8188       4       java.util.Locale::getUnicodeLocaleType (55 bytes)
Event: 1085.864 Thread 0x00000191dd4b3000 8189       3       org.languagetool.JLanguageTool$TextCheckCallable$LineColumnPosition::<init> (8 bytes)
Event: 1085.865 Thread 0x00000191dd4b3000 nmethod 8189 0x00000191cbd13790 code [0x00000191cbd13940, 0x00000191cbd13b58]
Event: 1085.865 Thread 0x00000191dd4b3000 8190       3       org.languagetool.JLanguageTool$TextCheckCallable$LineColumnPosition::<init> (20 bytes)
Event: 1085.865 Thread 0x00000191dd4b3000 nmethod 8190 0x00000191cbd13c90 code [0x00000191cbd13e40, 0x00000191cbd13ff8]
Event: 1085.867 Thread 0x00000191dd4aa800 nmethod 8188 0x00000191d2784990 code [0x00000191d2784b40, 0x00000191d2784d38]
Event: 1086.846 Thread 0x00000191dd4aa800 8191 %     4       org.languagetool.markup.AnnotatedText::getOriginalTextPositionFor @ 67 (274 bytes)
Event: 1086.846 Thread 0x00000191dd4b3000 8192       3       org.languagetool.JLanguageTool::adjustRuleMatchPos (250 bytes)
Event: 1086.849 Thread 0x00000191dd4b3000 nmethod 8192 0x00000191cbd14110 code [0x00000191cbd14660, 0x00000191cbd176b8]
Event: 1086.856 Thread 0x00000191dd4aa800 nmethod 8191% 0x00000191d2784f90 code [0x00000191d2785160, 0x00000191d2785938]

GC Heap History (20 events):
Event: 1009.278 GC heap after
{Heap after GC invocations=101 (full 0):
 garbage-first heap   total 248832K, used 199913K [0x00000000e0000000, 0x0000000100000000)
  region size 1024K, 2 young (2048K), 2 survivors (2048K)
 Metaspace       used 32812K, capacity 33353K, committed 33536K, reserved 1079296K
  class space    used 3291K, capacity 3513K, committed 3584K, reserved 1048576K
}
Event: 1012.923 GC heap before
{Heap before GC invocations=101 (full 0):
 garbage-first heap   total 248832K, used 220393K [0x00000000e0000000, 0x0000000100000000)
  region size 1024K, 22 young (22528K), 2 survivors (2048K)
 Metaspace       used 32815K, capacity 33353K, committed 33536K, reserved 1079296K
  class space    used 3291K, capacity 3513K, committed 3584K, reserved 1048576K
}
Event: 1012.925 GC heap after
{Heap after GC invocations=102 (full 0):
 garbage-first heap   total 248832K, used 199967K [0x00000000e0000000, 0x0000000100000000)
  region size 1024K, 2 young (2048K), 2 survivors (2048K)
 Metaspace       used 32815K, capacity 33353K, committed 33536K, reserved 1079296K
  class space    used 3291K, capacity 3513K, committed 3584K, reserved 1048576K
}
Event: 1014.674 GC heap before
{Heap before GC invocations=102 (full 0):
 garbage-first heap   total 248832K, used 220447K [0x00000000e0000000, 0x0000000100000000)
  region size 1024K, 22 young (22528K), 2 survivors (2048K)
 Metaspace       used 32815K, capacity 33353K, committed 33536K, reserved 1079296K
  class space    used 3291K, capacity 3513K, committed 3584K, reserved 1048576K
}
Event: 1014.675 GC heap after
{Heap after GC invocations=103 (full 0):
 garbage-first heap   total 248832K, used 200014K [0x00000000e0000000, 0x0000000100000000)
  region size 1024K, 2 young (2048K), 2 survivors (2048K)
 Metaspace       used 32815K, capacity 33353K, committed 33536K, reserved 1079296K
  class space    used 3291K, capacity 3513K, committed 3584K, reserved 1048576K
}
Event: 1017.303 GC heap before
{Heap before GC invocations=103 (full 0):
 garbage-first heap   total 248832K, used 220494K [0x00000000e0000000, 0x0000000100000000)
  region size 1024K, 22 young (22528K), 2 survivors (2048K)
 Metaspace       used 32837K, capacity 33417K, committed 33536K, reserved 1079296K
  class space    used 3291K, capacity 3513K, committed 3584K, reserved 1048576K
}
Event: 1017.305 GC heap after
{Heap after GC invocations=104 (full 0):
 garbage-first heap   total 248832K, used 200080K [0x00000000e0000000, 0x0000000100000000)
  region size 1024K, 2 young (2048K), 2 survivors (2048K)
 Metaspace       used 32837K, capacity 33417K, committed 33536K, reserved 1079296K
  class space    used 3291K, capacity 3513K, committed 3584K, reserved 1048576K
}
Event: 1018.223 GC heap before
{Heap before GC invocations=104 (full 0):
 garbage-first heap   total 248832K, used 220560K [0x00000000e0000000, 0x0000000100000000)
  region size 1024K, 22 young (22528K), 2 survivors (2048K)
 Metaspace       used 32838K, capacity 33417K, committed 33536K, reserved 1079296K
  class space    used 3291K, capacity 3513K, committed 3584K, reserved 1048576K
}
Event: 1018.224 GC heap after
{Heap after GC invocations=105 (full 0):
 garbage-first heap   total 248832K, used 200166K [0x00000000e0000000, 0x0000000100000000)
  region size 1024K, 2 young (2048K), 2 survivors (2048K)
 Metaspace       used 32838K, capacity 33417K, committed 33536K, reserved 1079296K
  class space    used 3291K, capacity 3513K, committed 3584K, reserved 1048576K
}
Event: 1025.805 GC heap before
{Heap before GC invocations=105 (full 0):
 garbage-first heap   total 248832K, used 219622K [0x00000000e0000000, 0x0000000100000000)
  region size 1024K, 22 young (22528K), 2 survivors (2048K)
 Metaspace       used 32843K, capacity 33482K, committed 33792K, reserved 1079296K
  class space    used 3291K, capacity 3513K, committed 3584K, reserved 1048576K
}
Event: 1025.806 GC heap after
{Heap after GC invocations=106 (full 0):
 garbage-first heap   total 248832K, used 200292K [0x00000000e0000000, 0x0000000100000000)
  region size 1024K, 2 young (2048K), 2 survivors (2048K)
 Metaspace       used 32843K, capacity 33482K, committed 33792K, reserved 1079296K
  class space    used 3291K, capacity 3513K, committed 3584K, reserved 1048576K
}
Event: 1046.927 GC heap before
{Heap before GC invocations=106 (full 0):
 garbage-first heap   total 248832K, used 220772K [0x00000000e0000000, 0x0000000100000000)
  region size 1024K, 22 young (22528K), 2 survivors (2048K)
 Metaspace       used 32845K, capacity 33483K, committed 33792K, reserved 1079296K
  class space    used 3291K, capacity 3513K, committed 3584K, reserved 1048576K
}
Event: 1046.928 GC heap after
{Heap after GC invocations=107 (full 0):
 garbage-first heap   total 248832K, used 200327K [0x00000000e0000000, 0x0000000100000000)
  region size 1024K, 2 young (2048K), 2 survivors (2048K)
 Metaspace       used 32845K, capacity 33483K, committed 33792K, reserved 1079296K
  class space    used 3291K, capacity 3513K, committed 3584K, reserved 1048576K
}
Event: 1061.695 GC heap before
{Heap before GC invocations=107 (full 0):
 garbage-first heap   total 248832K, used 220807K [0x00000000e0000000, 0x0000000100000000)
  region size 1024K, 22 young (22528K), 2 survivors (2048K)
 Metaspace       used 32850K, capacity 33483K, committed 33792K, reserved 1079296K
  class space    used 3291K, capacity 3513K, committed 3584K, reserved 1048576K
}
Event: 1061.696 GC heap after
{Heap after GC invocations=108 (full 0):
 garbage-first heap   total 248832K, used 200432K [0x00000000e0000000, 0x0000000100000000)
  region size 1024K, 2 young (2048K), 2 survivors (2048K)
 Metaspace       used 32850K, capacity 33483K, committed 33792K, reserved 1079296K
  class space    used 3291K, capacity 3513K, committed 3584K, reserved 1048576K
}
Event: 1073.902 GC heap before
{Heap before GC invocations=108 (full 0):
 garbage-first heap   total 248832K, used 219888K [0x00000000e0000000, 0x0000000100000000)
  region size 1024K, 21 young (21504K), 2 survivors (2048K)
 Metaspace       used 32858K, capacity 33483K, committed 33792K, reserved 1079296K
  class space    used 3291K, capacity 3513K, committed 3584K, reserved 1048576K
}
Event: 1073.903 GC heap after
{Heap after GC invocations=109 (full 0):
 garbage-first heap   total 248832K, used 200566K [0x00000000e0000000, 0x0000000100000000)
  region size 1024K, 2 young (2048K), 2 survivors (2048K)
 Metaspace       used 32858K, capacity 33483K, committed 33792K, reserved 1079296K
  class space    used 3291K, capacity 3513K, committed 3584K, reserved 1048576K
}
Event: 1079.936 GC heap before
{Heap before GC invocations=109 (full 0):
 garbage-first heap   total 248832K, used 220022K [0x00000000e0000000, 0x0000000100000000)
  region size 1024K, 21 young (21504K), 2 survivors (2048K)
 Metaspace       used 32861K, capacity 33483K, committed 33792K, reserved 1079296K
  class space    used 3291K, capacity 3513K, committed 3584K, reserved 1048576K
}
Event: 1079.937 GC heap after
{Heap after GC invocations=110 (full 0):
 garbage-first heap   total 248832K, used 200621K [0x00000000e0000000, 0x0000000100000000)
  region size 1024K, 2 young (2048K), 2 survivors (2048K)
 Metaspace       used 32861K, capacity 33483K, committed 33792K, reserved 1079296K
  class space    used 3291K, capacity 3513K, committed 3584K, reserved 1048576K
}
Event: 1088.090 GC heap before
{Heap before GC invocations=110 (full 0):
 garbage-first heap   total 248832K, used 219053K [0x00000000e0000000, 0x0000000100000000)
  region size 1024K, 21 young (21504K), 2 survivors (2048K)
 Metaspace       used 32864K, capacity 33484K, committed 33792K, reserved 1079296K
  class space    used 3291K, capacity 3513K, committed 3584K, reserved 1048576K
}

Deoptimization events (20 events):
Event: 1009.282 Thread 0x00000191de72e000 Uncommon trap: trap_request=0xffffff4d fr.pc=0x00000191d25945d4 relative=0x0000000000001a54
Event: 1009.282 Thread 0x00000191de72e000 Uncommon trap: reason=unstable_if action=reinterpret pc=0x00000191d25945d4 method=org.languagetool.rules.GenericUnpairedBracketsRule.fillSymbolStack(I[Lorg/languagetool/AnalyzedTokenReadings;IILorg/languagetool/rules/UnsyncStack;Lorg/languagetool/Analyzed
Event: 1009.282 Thread 0x00000191de72e000 DEOPT PACKING pc=0x00000191d25945d4 sp=0x00000034ef1fdec0
Event: 1009.282 Thread 0x00000191de72e000 DEOPT UNPACKING pc=0x00000191ca49a1af sp=0x00000034ef1fde78 mode 2
Event: 1014.676 Thread 0x00000191de72e000 DEOPT PACKING pc=0x00000191cb945b7a sp=0x00000034ef1fdf10
Event: 1014.676 Thread 0x00000191de72e000 DEOPT UNPACKING pc=0x00000191ca49a95e sp=0x00000034ef1fd490 mode 0
Event: 1016.425 Thread 0x00000191de72e000 DEOPT PACKING pc=0x00000191caea2eae sp=0x00000034ef1fd740
Event: 1016.425 Thread 0x00000191de72e000 DEOPT UNPACKING pc=0x00000191ca49a95e sp=0x00000034ef1fcbc0 mode 0
Event: 1050.151 Thread 0x00000191de72e000 DEOPT PACKING pc=0x00000191cba50904 sp=0x00000034ef1fdf00
Event: 1050.151 Thread 0x00000191de72e000 DEOPT UNPACKING pc=0x00000191ca49a95e sp=0x00000034ef1fd4f8 mode 0
Event: 1054.171 Thread 0x00000191de72e000 DEOPT PACKING pc=0x00000191cbab152f sp=0x00000034ef1fdfa0
Event: 1054.171 Thread 0x00000191de72e000 DEOPT UNPACKING pc=0x00000191ca49a95e sp=0x00000034ef1fd560 mode 0
Event: 1083.281 Thread 0x00000191de72e000 DEOPT PACKING pc=0x00000191cbca64bb sp=0x00000034ef1fdf70
Event: 1083.281 Thread 0x00000191de72e000 DEOPT UNPACKING pc=0x00000191ca49a95e sp=0x00000034ef1fd550 mode 0
Event: 1083.915 Thread 0x00000191de72e000 Uncommon trap: trap_request=0xffffff4d fr.pc=0x00000191d26d6280 relative=0x0000000000002440
Event: 1083.915 Thread 0x00000191de72e000 Uncommon trap: reason=unstable_if action=reinterpret pc=0x00000191d26d6280 method=org.languagetool.rules.en.AbstractEnglishSpellerRule.lambda$cleanSuggestions$3(Lorg/languagetool/rules/SuggestedReplacement;)Z @ 10 c2
Event: 1083.915 Thread 0x00000191de72e000 DEOPT PACKING pc=0x00000191d26d6280 sp=0x00000034ef1fe020
Event: 1083.915 Thread 0x00000191de72e000 DEOPT UNPACKING pc=0x00000191ca49a1af sp=0x00000034ef1fdfb8 mode 2
Event: 1084.161 Thread 0x00000191de72e000 DEOPT PACKING pc=0x00000191cb8f7914 sp=0x00000034ef1fddd0
Event: 1084.161 Thread 0x00000191de72e000 DEOPT UNPACKING pc=0x00000191ca49a95e sp=0x00000034ef1fd2f8 mode 0

Classes redefined (0 events):
No events

Internal exceptions (20 events):
Event: 1.153 Thread 0x00000191c5255800 Exception <a 'java/lang/NoSuchMethodError'{0x00000000e3b51838}: 'java.lang.Object java.lang.invoke.DirectMethodHandle$Holder.invokeStatic(java.lang.Object, java.lang.Object, java.lang.Object, java.lang.Object, int)'> (0x00000000e3b51838) thrown at [./src/hotspot/share/interpreter/linkResolver.cpp, line 773]
Event: 1.278 Thread 0x00000191c5255800 Exception <a 'java/lang/ClassNotFoundException'{0x00000000e3a7c778}: com/sun/org/apache/xerces/internal/impl/xpath/regex/spi/messageProvider> (0x00000000e3a7c778) thrown at [./src/hotspot/share/classfile/systemDictionary.cpp, line 231]
Event: 1.752 Thread 0x00000191c5255800 Exception <a 'java/lang/NoSuchMethodError'{0x00000000e2c70b50}: 'java.lang.Object java.lang.invoke.DirectMethodHandle$Holder.invokeVirtual(java.lang.Object, java.lang.Object, java.lang.Object, java.lang.Object)'> (0x00000000e2c70b50) thrown at [./src/hotspot/share/interpreter/linkResolver.cpp, line 773]
Event: 2.015 Thread 0x00000191c5255800 Exception <a 'java/lang/NoSuchMethodError'{0x00000000e38be698}: 'int java.lang.invoke.DirectMethodHandle$Holder.invokeVirtual(java.lang.Object, java.lang.Object, java.lang.Object)'> (0x00000000e38be698) thrown at [./src/hotspot/share/interpreter/linkResolver.cpp, line 773]
Event: 2.016 Thread 0x00000191c5255800 Exception <a 'java/lang/NoSuchMethodError'{0x00000000e38c4600}: 'java.lang.Object java.lang.invoke.DirectMethodHandle$Holder.invokeVirtual(java.lang.Object, java.lang.Object, java.lang.Object)'> (0x00000000e38c4600) thrown at [./src/hotspot/share/interpreter/linkResolver.cpp, line 773]
Event: 5.421 Thread 0x00000191c5255800 Exception <a 'java/lang/NoSuchMethodError'{0x00000000ebc42dc0}: 'void java.lang.invoke.DirectMethodHandle$Holder.invokeSpecial(java.lang.Object, java.lang.Object, java.lang.Object, java.lang.Object)'> (0x00000000ebc42dc0) thrown at [./src/hotspot/share/interpreter/linkResolver.cpp, line 773]
Event: 5.591 Thread 0x00000191e2a2b000 Exception <a 'java/lang/ClassNotFoundException'{0x00000000eb5aa278}: sun/util/logging/resources/spi/loggingProvider> (0x00000000eb5aa278) thrown at [./src/hotspot/share/classfile/systemDictionary.cpp, line 231]
Event: 7.282 Thread 0x00000191e2a2b000 Implicit null exception at 0x00000191d210f47c to 0x00000191d210f718
Event: 7.334 Thread 0x00000191de72e000 Exception <a 'java/lang/NoSuchMethodError'{0x00000000eb2dbba0}: 'int java.lang.invoke.DirectMethodHandle$Holder.invokeSpecialIFC(java.lang.Object, java.lang.Object, java.lang.Object, java.lang.Object)'> (0x00000000eb2dbba0) thrown at [./src/hotspot/share/interpreter/linkResolver.cpp, line 773]
Event: 7.595 Thread 0x00000191de72e000 Exception <a 'java/lang/NoSuchMethodError'{0x00000000ead00a00}: 'int java.lang.invoke.DirectMethodHandle$Holder.invokeStaticInit(java.lang.Object, int)'> (0x00000000ead00a00) thrown at [./src/hotspot/share/interpreter/linkResolver.cpp, line 773]
Event: 7.623 Thread 0x00000191de72e000 Exception <a 'java/lang/NoSuchMethodError'{0x00000000ead681b0}: 'void java.lang.invoke.DirectMethodHandle$Holder.invokeStaticInit(java.lang.Object, java.lang.Object, java.lang.Object)'> (0x00000000ead681b0) thrown at [./src/hotspot/share/interpreter/linkResolver.cpp, line 773]
Event: 7.674 Thread 0x00000191de72e000 Exception <a 'java/lang/NoSuchMethodError'{0x00000000eab52938}: 'java.lang.Object java.lang.invoke.DirectMethodHandle$Holder.newInvokeSpecial(java.lang.Object, java.lang.Object, java.lang.Object, java.lang.Object, java.lang.Object, java.lang.Object, java.lang.Object)'> (0x00000000eab52938) thrown at [./src/hotspot/share/interpreter/linkResolver.cpp, line 773]
Event: 7.695 Thread 0x00000191de72e000 Exception <a 'java/lang/NoSuchMethodError'{0x00000000eaa0b500}: 'int java.lang.invoke.DirectMethodHandle$Holder.invokeStatic(java.lang.Object, int, int, int, int)'> (0x00000000eaa0b500) thrown at [./src/hotspot/share/interpreter/linkResolver.cpp, line 773]
Event: 7.696 Thread 0x00000191de72e000 Exception <a 'java/lang/NoSuchMethodError'{0x00000000eaa11110}: 'java.lang.Object java.lang.invoke.DirectMethodHandle$Holder.invokeStatic(java.lang.Object, int, int, int)'> (0x00000000eaa11110) thrown at [./src/hotspot/share/interpreter/linkResolver.cpp, line 773]
Event: 9.174 Thread 0x00000191de72e000 Implicit null exception at 0x00000191d1fe9a94 to 0x00000191d1fea104
Event: 9.401 Thread 0x00000191de72e000 Exception <a 'java/lang/NoSuchMethodError'{0x00000000ebe7f578}: 'java.lang.Object java.lang.invoke.Invokers$Holder.linkToTargetMethod(java.lang.Object, java.lang.Object, java.lang.Object, java.lang.Object, java.lang.Object, java.lang.Object)'> (0x00000000ebe7f578) thrown at [./src/hotspot/share/interpreter/linkResolver.cpp, line 773]
Event: 9.541 Thread 0x00000191de72e000 Implicit null exception at 0x00000191d204ac6c to 0x00000191d204ad14
Event: 416.479 Thread 0x00000191de72e000 Implicit null exception at 0x00000191d1fd6514 to 0x00000191d1fd6b58
Event: 421.218 Thread 0x00000191de72e000 Exception <a 'java/lang/NoSuchMethodError'{0x00000000ee389b90}: 'java.lang.Object java.lang.invoke.DirectMethodHandle$Holder.invokeStatic(java.lang.Object, java.lang.Object, java.lang.Object, int, java.lang.Object, java.lang.Object, java.lang.Object)'> (0x00000000ee389b90) thrown at [./src/hotspot/share/interpreter/linkResolver.cpp, line 773]
Event: 531.740 Thread 0x00000191de72e000 Implicit null exception at 0x00000191d23d8a8d to 0x00000191d23d8af0

Events (20 events):
Event: 1083.916 Thread 0x00000191de74a800 Thread added: 0x00000191de74a800
Event: 1084.140 Executing VM operation: RevokeBias
Event: 1084.140 Executing VM operation: RevokeBias done
Event: 1084.140 Thread 0x00000191de74e800 Thread exited: 0x00000191de74e800
Event: 1084.165 Thread 0x00000191de74c000 Thread added: 0x00000191de74c000
Event: 1085.253 Executing VM operation: RevokeBias
Event: 1085.253 Executing VM operation: RevokeBias done
Event: 1085.253 Thread 0x00000191de74d800 Thread exited: 0x00000191de74d800
Event: 1085.867 Thread 0x00000191de749800 Thread added: 0x00000191de749800
Event: 1085.874 Executing VM operation: RevokeBias
Event: 1085.874 Executing VM operation: RevokeBias done
Event: 1085.874 Thread 0x00000191de74a800 Thread exited: 0x00000191de74a800
Event: 1086.127 Executing VM operation: RevokeBias
Event: 1086.128 Executing VM operation: RevokeBias done
Event: 1086.128 Thread 0x00000191de74c000 Thread exited: 0x00000191de74c000
Event: 1086.847 Thread 0x00000191de74d800 Thread added: 0x00000191de74d800
Event: 1087.834 Executing VM operation: RevokeBias
Event: 1087.834 Executing VM operation: RevokeBias done
Event: 1087.834 Thread 0x00000191de749800 Thread exited: 0x00000191de749800
Event: 1088.090 Executing VM operation: G1CollectForAllocation


Dynamic libraries:
0x00007ff7c4d70000 - 0x00007ff7c4d7d000 	c:\Users\USER\.vscode\extensions\valentjn.vscode-ltex-13.1.0\lib\ltex-ls-15.2.0\jdk-11.0.12+7\bin\java.exe
0x00007fff43e30000 - 0x00007fff44028000 	C:\Windows\SYSTEM32\ntdll.dll
0x00007fff41e90000 - 0x00007fff41f4d000 	C:\Windows\System32\KERNEL32.DLL
0x00007fff41630000 - 0x00007fff41926000 	C:\Windows\System32\KERNELBASE.dll
0x00007fff41a00000 - 0x00007fff41b00000 	C:\Windows\System32\ucrtbase.dll
0x00007fff34490000 - 0x00007fff344a7000 	c:\Users\USER\.vscode\extensions\valentjn.vscode-ltex-13.1.0\lib\ltex-ls-15.2.0\jdk-11.0.12+7\bin\jli.dll
0x00007fff31b70000 - 0x00007fff31b85000 	c:\Users\USER\.vscode\extensions\valentjn.vscode-ltex-13.1.0\lib\ltex-ls-15.2.0\jdk-11.0.12+7\bin\VCRUNTIME140.dll
0x00007fff43be0000 - 0x00007fff43d7e000 	C:\Windows\System32\USER32.dll
0x00007fff41e60000 - 0x00007fff41e82000 	C:\Windows\System32\win32u.dll
0x00007fff2b7c0000 - 0x00007fff2ba5a000 	C:\Windows\WinSxS\amd64_microsoft.windows.common-controls_6595b64144ccf1df_6.0.19041.3636_none_60b6a03d71f818d5\COMCTL32.dll
0x00007fff423e0000 - 0x00007fff4240c000 	C:\Windows\System32\GDI32.dll
0x00007fff42870000 - 0x00007fff4290e000 	C:\Windows\System32\msvcrt.dll
0x00007fff41510000 - 0x00007fff4162a000 	C:\Windows\System32\gdi32full.dll
0x00007fff41930000 - 0x00007fff419cd000 	C:\Windows\System32\msvcp_win.dll
0x00007fff432f0000 - 0x00007fff43320000 	C:\Windows\System32\IMM32.DLL
0x00007ffefefd0000 - 0x00007ffeff06b000 	c:\Users\USER\.vscode\extensions\valentjn.vscode-ltex-13.1.0\lib\ltex-ls-15.2.0\jdk-11.0.12+7\bin\msvcp140.dll
0x00007ffef3910000 - 0x00007ffef4469000 	c:\Users\USER\.vscode\extensions\valentjn.vscode-ltex-13.1.0\lib\ltex-ls-15.2.0\jdk-11.0.12+7\bin\server\jvm.dll
0x00007fff427c0000 - 0x00007fff4286f000 	C:\Windows\System32\ADVAPI32.dll
0x00007fff42270000 - 0x00007fff4230c000 	C:\Windows\System32\sechost.dll
0x00007fff42410000 - 0x00007fff42536000 	C:\Windows\System32\RPCRT4.dll
0x00007fff42b70000 - 0x00007fff42b78000 	C:\Windows\System32\PSAPI.DLL
0x00007fff37fd0000 - 0x00007fff37fd9000 	C:\Windows\SYSTEM32\WSOCK32.dll
0x00007fff37c70000 - 0x00007fff37c97000 	C:\Windows\SYSTEM32\WINMM.dll
0x00007fff37ca0000 - 0x00007fff37caa000 	C:\Windows\SYSTEM32\VERSION.dll
0x00007fff43d80000 - 0x00007fff43deb000 	C:\Windows\System32\WS2_32.dll
0x00007fff3f3b0000 - 0x00007fff3f3c2000 	C:\Windows\SYSTEM32\kernel.appcore.dll
0x00007fff34970000 - 0x00007fff34980000 	c:\Users\USER\.vscode\extensions\valentjn.vscode-ltex-13.1.0\lib\ltex-ls-15.2.0\jdk-11.0.12+7\bin\verify.dll
0x00007fff39290000 - 0x00007fff39474000 	C:\Windows\SYSTEM32\DBGHELP.DLL
0x00007fff21410000 - 0x00007fff21444000 	C:\Windows\SYSTEM32\dbgcore.DLL
0x00007fff41d60000 - 0x00007fff41de2000 	C:\Windows\System32\bcryptPrimitives.dll
0x00007fff11d00000 - 0x00007fff11d28000 	c:\Users\USER\.vscode\extensions\valentjn.vscode-ltex-13.1.0\lib\ltex-ls-15.2.0\jdk-11.0.12+7\bin\java.dll
0x00007fff343d0000 - 0x00007fff343da000 	c:\Users\USER\.vscode\extensions\valentjn.vscode-ltex-13.1.0\lib\ltex-ls-15.2.0\jdk-11.0.12+7\bin\jimage.dll
0x00007fff2c5f0000 - 0x00007fff2c607000 	c:\Users\USER\.vscode\extensions\valentjn.vscode-ltex-13.1.0\lib\ltex-ls-15.2.0\jdk-11.0.12+7\bin\zip.dll
0x00007fff42ba0000 - 0x00007fff432e5000 	C:\Windows\System32\SHELL32.dll
0x00007fff3f5b0000 - 0x00007fff3fd4b000 	C:\Windows\SYSTEM32\windows.storage.dll
0x00007fff43880000 - 0x00007fff43bd4000 	C:\Windows\System32\combase.dll
0x00007fff40da0000 - 0x00007fff40dcd000 	C:\Windows\SYSTEM32\Wldp.dll
0x00007fff42990000 - 0x00007fff42a3d000 	C:\Windows\System32\SHCORE.dll
0x00007fff425a0000 - 0x00007fff425f5000 	C:\Windows\System32\shlwapi.dll
0x00007fff41440000 - 0x00007fff41465000 	C:\Windows\SYSTEM32\profapi.dll
0x00007fff250f0000 - 0x00007fff25109000 	C:\Users\USER\.vscode\extensions\valentjn.vscode-ltex-13.1.0\lib\ltex-ls-15.2.0\jdk-11.0.12+7\bin\net.dll
0x00007fff3af90000 - 0x00007fff3b09a000 	C:\Windows\SYSTEM32\WINHTTP.dll
0x00007fff40b80000 - 0x00007fff40bea000 	C:\Windows\system32\mswsock.dll
0x00007fff1dac0000 - 0x00007fff1dad2000 	C:\Users\USER\.vscode\extensions\valentjn.vscode-ltex-13.1.0\lib\ltex-ls-15.2.0\jdk-11.0.12+7\bin\nio.dll
0x0000000069ac0000 - 0x0000000069ae4000 	C:\Users\USER\AppData\Local\Temp\jansi-2.4.0-2457e15d9305d461-jansi.dll

dbghelp: loaded successfully - version: 4.0.5 - missing functions: none
symbol engine: initialized successfully - sym options: 0x614 - pdb path: .;c:\Users\USER\.vscode\extensions\valentjn.vscode-ltex-13.1.0\lib\ltex-ls-15.2.0\jdk-11.0.12+7\bin;C:\Windows\SYSTEM32;C:\Windows\WinSxS\amd64_microsoft.windows.common-controls_6595b64144ccf1df_6.0.19041.3636_none_60b6a03d71f818d5;c:\Users\USER\.vscode\extensions\valentjn.vscode-ltex-13.1.0\lib\ltex-ls-15.2.0\jdk-11.0.12+7\bin\server;C:\Users\USER\AppData\Local\Temp

VM Arguments:
jvm_args: -Xms64m -Xmx512m -Dapp.name=ltex-ls -Dapp.repo=c:\Users\USER\.vscode\extensions\valentjn.vscode-ltex-13.1.0\lib\ltex-ls-15.2.0\lib -Dapp.home=c:\Users\USER\.vscode\extensions\valentjn.vscode-ltex-13.1.0\lib\ltex-ls-15.2.0 -Dbasedir=c:\Users\USER\.vscode\extensions\valentjn.vscode-ltex-13.1.0\lib\ltex-ls-15.2.0 
java_command: org.bsplines.ltexls.LtexLanguageServerLauncher
java_class_path (initial): c:\Users\USER\.vscode\extensions\valentjn.vscode-ltex-13.1.0\lib\ltex-ls-15.2.0\etc;c:\Users\USER\.vscode\extensions\valentjn.vscode-ltex-13.1.0\lib\ltex-ls-15.2.0\lib\aho-corasick-double-array-trie-1.2.2.jar;c:\Users\USER\.vscode\extensions\valentjn.vscode-ltex-13.1.0\lib\ltex-ls-15.2.0\lib\animal-sniffer-annotations-1.17.jar;c:\Users\USER\.vscode\extensions\valentjn.vscode-ltex-13.1.0\lib\ltex-ls-15.2.0\lib\annotations-12.0.jar;c:\Users\USER\.vscode\extensions\valentjn.vscode-ltex-13.1.0\lib\ltex-ls-15.2.0\lib\annotations-13.0.jar;c:\Users\USER\.vscode\extensions\valentjn.vscode-ltex-13.1.0\lib\ltex-ls-15.2.0\lib\annotations-20.1.0.jar;c:\Users\USER\.vscode\extensions\valentjn.vscode-ltex-13.1.0\lib\ltex-ls-15.2.0\lib\annotations-4.1.1.4.jar;c:\Users\USER\.vscode\extensions\valentjn.vscode-ltex-13.1.0\lib\ltex-ls-15.2.0\lib\bridj-0.7.0.jar;c:\Users\USER\.vscode\extensions\valentjn.vscode-ltex-13.1.0\lib\ltex-ls-15.2.0\lib\catalan-pos-dict-2.16.jar;c:\Users\USER\.vscode\extensions\valentjn.vscode-ltex-13.1.0\lib\ltex-ls-15.2.0\lib\checker-qual-2.5.2.jar;c:\Users\USER\.vscode\extensions\valentjn.vscode-ltex-13.1.0\lib\ltex-ls-15.2.0\lib\checker-qual-3.5.0.jar;c:\Users\USER\.vscode\extensions\valentjn.vscode-ltex-13.1.0\lib\ltex-ls-15.2.0\lib\cjftransform-1.0.1.jar;c:\Users\USER\.vscode\extensions\valentjn.vscode-ltex-13.1.0\lib\ltex-ls-15.2.0\lib\commons-lang3-3.11.jar;c:\Users\USER\.vscode\extensions\valentjn.vscode-ltex-13.1.0\lib\ltex-ls-15.2.0\lib\commons-logging-1.2.jar;c:\Users\USER\.vscode\extensions\valentjn.vscode-ltex-13.1.0\lib\ltex-ls-15.2.0\lib\commons-pool2-2.9.0.jar;c:\Users\USER\.vscode\extensions\valentjn.vscode-ltex-13.1.0\lib\ltex-ls-15.2.0\lib\commons-text-1.9.jar;c:\Users\USER\.vscode\extensions\valentjn.vscode-ltex-13.1.0\lib\ltex-ls-15.2.0\lib\dx-1.7.jar;c:\Users\USER\.vscode\extensions\valentjn.vscode-ltex-13.1.0\lib\ltex-ls-15.2.0\lib\emoji-java-5.1.1.jar;c:\Users\USER\.vscode\extensions\valentjn.vscode-ltex-13.1
Launcher Type: SUN_STANDARD

[Global flags]
     intx CICompilerCount                          = 4                                         {product} {ergonomic}
     uint ConcGCThreads                            = 2                                         {product} {ergonomic}
     uint G1ConcRefinementThreads                  = 8                                         {product} {ergonomic}
   size_t G1HeapRegionSize                         = 1048576                                   {product} {ergonomic}
    uintx GCDrainStackTargetSize                   = 64                                        {product} {ergonomic}
   size_t InitialHeapSize                          = 67108864                                  {product} {command line}
   size_t MarkStackSize                            = 4194304                                   {product} {ergonomic}
   size_t MaxHeapSize                              = 536870912                                 {product} {command line}
   size_t MaxNewSize                               = 321912832                                 {product} {ergonomic}
   size_t MinHeapDeltaBytes                        = 1048576                                   {product} {ergonomic}
    uintx NonNMethodCodeHeapSize                   = 5836300                                {pd product} {ergonomic}
    uintx NonProfiledCodeHeapSize                  = 122910970                              {pd product} {ergonomic}
    uintx ProfiledCodeHeapSize                     = 122910970                              {pd product} {ergonomic}
    uintx ReservedCodeCacheSize                    = 251658240                              {pd product} {ergonomic}
     bool SegmentedCodeCache                       = true                                      {product} {ergonomic}
     bool UseCompressedClassPointers               = true                                 {lp64_product} {ergonomic}
     bool UseCompressedOops                        = true                                 {lp64_product} {ergonomic}
     bool UseG1GC                                  = true                                      {product} {ergonomic}
     bool UseLargePagesIndividualAllocation        = false                                  {pd product} {ergonomic}

Logging:
Log output configuration:
 #0: stdout all=warning uptime,level,tags
 #1: stderr all=off uptime,level,tags

Environment Variables:
JAVA_HOME=c:\Users\USER\.vscode\extensions\valentjn.vscode-ltex-13.1.0\lib\ltex-ls-15.2.0\jdk-11.0.12+7
CLASSPATH="c:\Users\USER\.vscode\extensions\valentjn.vscode-ltex-13.1.0\lib\ltex-ls-15.2.0"\etc;"c:\Users\USER\.vscode\extensions\valentjn.vscode-ltex-13.1.0\lib\ltex-ls-15.2.0\lib"\*
PATH=C:\Program Files\Common Files\Oracle\Java\javapath;C:\Program Files (x86)\NVIDIA Corporation\PhysX\Common;C:\Python312\Scripts\;C:\Python312\;C:\Program Files (x86)\Common Files\Oracle\Java\javapath;C:\Users\USER\AppData\Local\Programs\Python\Python311\Scripts\;C:\Users\USER\AppData\Local\Programs\Python\Python311\;C:\Windows\system32;C:\Windows;C:\Windows\System32\Wbem;C:\Windows\System32\WindowsPowerShell\v1.0\;C:\Windows\System32\OpenSSH\;C:\Program Files\Cloudflare\Cloudflare WARP;C:\Program Files\kotlinc\bin;"C:\Program Files\Java\jdk1.7.0_72\bin;";D:\Programming\Main\sqlite;C:\Program Files\Java\jdk-14.0.2\bin;C:\ProgramData\chocolatey\bin;C:\Program Files\Cloudflare\Cloudflare WARP\;C:\Users\USER\AppData\Local\Android\Sdk\platform-tools;C:\Program Files\GitHub CLI\;C:\Program Files\Git\cmd;C:\Program Files\nodejs\;C:\Program Files\dotnet\;C:\Users\USER\.cargo\bin;C:\Users\USER\scoop\apps\openjdk\current\bin;C:\Users\USER\scoop\apps\kobweb\current\bin;C:\Users\USER\scoop\shims;C:\Ruby32-x64\bin;C:\Users\USER\AppData\Local\Microsoft\WindowsApps;C:\Users\USER\AppData\Local\Programs\Microsoft VS Code\bin;C:\Exercism;C:\Users\USER\.gradle\jdks\jdk-17.0.5;C:\Users\USER\AppData\Roaming\npm;C:\Program Files\Java\jdk-14.0.2;C:\Users\USER\.dotnet\tools;C:\ProgramData\mingw64\mingw64\bin;
USERNAME=USER
OS=Windows_NT
PROCESSOR_IDENTIFIER=AMD64 Family 23 Model 24 Stepping 1, AuthenticAMD



---------------  S Y S T E M  ---------------

OS: Windows 10 , 64 bit Build 19041 (10.0.19041.3636)
OS uptime: 2 days 18:04 hours
Hyper-V role detected

CPU:total 8 (initial active 8) (8 cores per cpu, 2 threads per core) family 23 model 24 stepping 1 microcode 0x0, cmov, cx8, fxsr, mmx, sse, sse2, sse3, ssse3, sse4.1, sse4.2, popcnt, avx, avx2, aes, clmul, mmxext, 3dnowpref, lzcnt, sse4a, ht, tsc, tscinvbit, tscinv, bmi1, bmi2, adx, sha, fma

Memory: 4k page, system-wide physical 14277M (6441M free)
TotalPageFile size 17733M (AvailPageFile size 6300M)
current process WorkingSet (physical memory assigned to process): 390M, peak: 408M
current process commit charge ("private bytes"): 428M, peak: 447M

vm_info: OpenJDK 64-Bit Server VM (11.0.12+7) for windows-amd64 JRE (11.0.12+7), built on Jul 21 2021 16:23:49 by "" with unknown MS VC++:1916

END.
